ERROR StackTrace - Full Stack Trace:
groovy.lang.MissingMethodException: No signature of method: [Ljava.lang.String;.forEach() is applicable for argument types: (nbcms.TrackInputController$_index_closure1$_closure2) values: [nbcms.TrackInputController$_index_closure1$_closure2@3725b208]
Possible solutions: each(groovy.lang.Closure)
	at org.codehaus.groovy.runtime.ScriptBytecodeAdapter.unwrap(ScriptBytecodeAdapter.java:58) ~[groovy-2.4.5.jar:2.4.5]
	at org.codehaus.groovy.runtime.callsite.PojoMetaClassSite.call(PojoMetaClassSite.java:49) ~[groovy-2.4.5.jar:2.4.5]
	at org.codehaus.groovy.runtime.callsite.CallSiteArray.defaultCall(CallSiteArray.java:48) ~[groovy-2.4.5.jar:2.4.5]
	at org.codehaus.groovy.runtime.callsite.AbstractCallSite.call(AbstractCallSite.java:113) ~[groovy-2.4.5.jar:2.4.5]
	at org.codehaus.groovy.runtime.callsite.AbstractCallSite.call(AbstractCallSite.java:125) ~[groovy-2.4.5.jar:2.4.5]
	at nbcms.TrackInputController$_index_closure1$$EPeMTDi1.doCall(TrackInputController.groovy:10) ~[na:na]
	at sun.reflect.NativeMethodAccessorImpl.invoke0(Native Method) ~[na:1.8.0_66]
	at sun.reflect.NativeMethodAccessorImpl.invoke(NativeMethodAccessorImpl.java:62) ~[na:1.8.0_66]
	at sun.reflect.DelegatingMethodAccessorImpl.invoke(DelegatingMethodAccessorImpl.java:43) ~[na:1.8.0_66]
	at java.lang.reflect.Method.invoke(Method.java:497) ~[na:1.8.0_66]
	at org.springsource.loaded.ri.ReloadedTypeInvoker$2.invoke(ReloadedTypeInvoker.java:133) ~[springloaded-1.2.5.RELEASE.jar:1.2.5.RELEASE]
	at org.springsource.loaded.ri.ReflectiveInterceptor.jlrMethodInvoke(ReflectiveInterceptor.java:1461) ~[springloaded-1.2.5.RELEASE.jar:1.2.5.RELEASE]
	at org.codehaus.groovy.reflection.CachedMethod.invoke(CachedMethod.java:93) ~[groovy-2.4.5.jar:2.4.5]
	at groovy.lang.MetaMethod.doMethodInvoke(MetaMethod.java:325) ~[groovy-2.4.5.jar:2.4.5]
	at org.codehaus.groovy.runtime.metaclass.ClosureMetaClass.invokeMethod(ClosureMetaClass.java:294) ~[groovy-2.4.5.jar:2.4.5]
	at groovy.lang.MetaClassImpl.invokeMethod(MetaClassImpl.java:1019) ~[groovy-2.4.5.jar:2.4.5]
	at org.codehaus.groovy.runtime.callsite.PogoMetaClassSite.call(PogoMetaClassSite.java:42) ~[groovy-2.4.5.jar:2.4.5]
	at org.codehaus.groovy.runtime.callsite.CallSiteArray.defaultCall(CallSiteArray.java:48) ~[groovy-2.4.5.jar:2.4.5]
	at org.codehaus.groovy.runtime.callsite.PogoMetaClassSite.call(PogoMetaClassSite.java:57) ~[groovy-2.4.5.jar:2.4.5]
	at org.codehaus.groovy.runtime.callsite.AbstractCallSite.call(AbstractCallSite.java:125) ~[groovy-2.4.5.jar:2.4.5]
	at grails.plugins.csv.CSVReaderUtils.eachLine(CSVReaderUtils.groovy:34) ~[csv-1.0.jar:na]
	at grails.plugins.csv.CSVReaderUtils$eachLine$1.callStatic(Unknown Source) ~[na:na]
	at grails.plugins.csv.CSVReaderUtils.eachLine(CSVReaderUtils.groovy:55) ~[csv-1.0.jar:na]
	at sun.reflect.NativeMethodAccessorImpl.invoke0(Native Method) ~[na:1.8.0_66]
	at sun.reflect.NativeMethodAccessorImpl.invoke(NativeMethodAccessorImpl.java:62) ~[na:1.8.0_66]
	at sun.reflect.DelegatingMethodAccessorImpl.invoke(DelegatingMethodAccessorImpl.java:43) ~[na:1.8.0_66]
	at java.lang.reflect.Method.invoke(Method.java:497) ~[na:1.8.0_66]
	at org.springsource.loaded.ri.ReflectiveInterceptor.jlrMethodInvoke(ReflectiveInterceptor.java:1432) ~[springloaded-1.2.5.RELEASE.jar:1.2.5.RELEASE]
	at org.codehaus.groovy.reflection.CachedMethod.invoke(CachedMethod.java:93) ~[groovy-2.4.5.jar:2.4.5]
	at groovy.lang.MetaMethod.doMethodInvoke(MetaMethod.java:325) ~[groovy-2.4.5.jar:2.4.5]
	at org.codehaus.groovy.runtime.callsite.StaticMetaMethodSite.invoke(StaticMetaMethodSite.java:46) ~[groovy-2.4.5.jar:2.4.5]
	at org.codehaus.groovy.runtime.callsite.StaticMetaMethodSite.call(StaticMetaMethodSite.java:91) ~[groovy-2.4.5.jar:2.4.5]
	at org.codehaus.groovy.runtime.callsite.AbstractCallSite.call(AbstractCallSite.java:133) ~[groovy-2.4.5.jar:2.4.5]
	at grails.plugins.csv.CsvGrailsPlugin$_doWithDynamicMethods_closure12.doCall(CsvGrailsPlugin.groovy:149) ~[csv-1.0.jar:na]
	at sun.reflect.NativeMethodAccessorImpl.invoke0(Native Method) ~[na:1.8.0_66]
	at sun.reflect.NativeMethodAccessorImpl.invoke(NativeMethodAccessorImpl.java:62) ~[na:1.8.0_66]
	at sun.reflect.DelegatingMethodAccessorImpl.invoke(DelegatingMethodAccessorImpl.java:43) ~[na:1.8.0_66]
	at java.lang.reflect.Method.invoke(Method.java:497) ~[na:1.8.0_66]
	at org.springsource.loaded.ri.ReflectiveInterceptor.jlrMethodInvoke(ReflectiveInterceptor.java:1432) ~[springloaded-1.2.5.RELEASE.jar:1.2.5.RELEASE]
	at org.codehaus.groovy.reflection.CachedMethod.invoke(CachedMethod.java:93) ~[groovy-2.4.5.jar:2.4.5]
	at org.codehaus.groovy.runtime.metaclass.ClosureMetaMethod.invoke(ClosureMetaMethod.java:84) ~[groovy-2.4.5.jar:2.4.5]
	at org.codehaus.groovy.runtime.callsite.PojoMetaMethodSite$PojoMetaMethodSiteNoUnwrapNoCoerce.invoke(PojoMetaMethodSite.java:274) ~[groovy-2.4.5.jar:2.4.5]
	at org.codehaus.groovy.runtime.callsite.PojoMetaMethodSite.call(PojoMetaMethodSite.java:56) ~[groovy-2.4.5.jar:2.4.5]
	at org.codehaus.groovy.runtime.callsite.CallSiteArray.defaultCall(CallSiteArray.java:48) ~[groovy-2.4.5.jar:2.4.5]
	at org.codehaus.groovy.runtime.callsite.AbstractCallSite.call(AbstractCallSite.java:113) ~[groovy-2.4.5.jar:2.4.5]
	at org.codehaus.groovy.runtime.callsite.AbstractCallSite.call(AbstractCallSite.java:125) ~[groovy-2.4.5.jar:2.4.5]
	at nbcms.TrackInputController$$EPeMTDhy.index(TrackInputController.groovy:9) ~[na:na]
	at nbcms.TrackInputController$$DPeMTDhy.index(Unknown Source) ~[na:na]
	at nbcms.TrackInputController.index(TrackInputController.groovy) ~[main/:na]
	at org.grails.core.DefaultGrailsControllerClass.invoke(DefaultGrailsControllerClass.java:182) ~[grails-core-3.1.1.jar:3.1.1]
	at org.grails.web.mapping.mvc.UrlMappingsInfoHandlerAdapter.handle(UrlMappingsInfoHandlerAdapter.groovy:87) ~[grails-web-url-mappings-3.1.1.jar:3.1.1]
	at org.springframework.web.servlet.DispatcherServlet.doDispatch(DispatcherServlet.java:959) [spring-webmvc-4.2.4.RELEASE.jar:4.2.4.RELEASE]
	at org.springframework.web.servlet.DispatcherServlet.doService(DispatcherServlet.java:893) [spring-webmvc-4.2.4.RELEASE.jar:4.2.4.RELEASE]
	at org.springframework.web.servlet.FrameworkServlet.processRequest(FrameworkServlet.java:969) [spring-webmvc-4.2.4.RELEASE.jar:4.2.4.RELEASE]
	at org.springframework.web.servlet.FrameworkServlet.doGet(FrameworkServlet.java:860) [spring-webmvc-4.2.4.RELEASE.jar:4.2.4.RELEASE]
	at javax.servlet.http.HttpServlet.service(HttpServlet.java:622) [tomcat-embed-core-8.0.30.jar:8.0.30]
	at org.springframework.web.servlet.FrameworkServlet.service(FrameworkServlet.java:845) [spring-webmvc-4.2.4.RELEASE.jar:4.2.4.RELEASE]
	at javax.servlet.http.HttpServlet.service(HttpServlet.java:729) [tomcat-embed-core-8.0.30.jar:8.0.30]
	at org.apache.catalina.core.ApplicationFilterChain.internalDoFilter(ApplicationFilterChain.java:291) [tomcat-embed-core-8.0.30.jar:8.0.30]
	at org.apache.catalina.core.ApplicationFilterChain.doFilter(ApplicationFilterChain.java:206) [tomcat-embed-core-8.0.30.jar:8.0.30]
	at org.apache.tomcat.websocket.server.WsFilter.doFilter(WsFilter.java:52) [tomcat-embed-websocket-8.0.30.jar:8.0.30]
	at org.apache.catalina.core.ApplicationFilterChain.internalDoFilter(ApplicationFilterChain.java:239) [tomcat-embed-core-8.0.30.jar:8.0.30]
	at org.apache.catalina.core.ApplicationFilterChain.doFilter(ApplicationFilterChain.java:206) [tomcat-embed-core-8.0.30.jar:8.0.30]
	at org.springframework.boot.actuate.autoconfigure.EndpointWebMvcAutoConfiguration$ApplicationContextHeaderFilter.doFilterInternal(EndpointWebMvcAutoConfiguration.java:237) [spring-boot-actuator-1.3.2.RELEASE.jar:1.3.2.RELEASE]
	at org.springframework.web.filter.OncePerRequestFilter.doFilter(OncePerRequestFilter.java:107) [spring-web-4.2.4.RELEASE.jar:4.2.4.RELEASE]
	at org.apache.catalina.core.ApplicationFilterChain.internalDoFilter(ApplicationFilterChain.java:239) [tomcat-embed-core-8.0.30.jar:8.0.30]
	at org.apache.catalina.core.ApplicationFilterChain.doFilter(ApplicationFilterChain.java:206) [tomcat-embed-core-8.0.30.jar:8.0.30]
	at org.springframework.boot.actuate.trace.WebRequestTraceFilter.doFilterInternal(WebRequestTraceFilter.java:111) [spring-boot-actuator-1.3.2.RELEASE.jar:1.3.2.RELEASE]
	at org.springframework.web.filter.OncePerRequestFilter.doFilter(OncePerRequestFilter.java:107) [spring-web-4.2.4.RELEASE.jar:4.2.4.RELEASE]
	at org.apache.catalina.core.ApplicationFilterChain.internalDoFilter(ApplicationFilterChain.java:239) [tomcat-embed-core-8.0.30.jar:8.0.30]
	at org.apache.catalina.core.ApplicationFilterChain.doFilter(ApplicationFilterChain.java:206) [tomcat-embed-core-8.0.30.jar:8.0.30]
	at org.grails.web.servlet.mvc.GrailsWebRequestFilter.doFilterInternal(GrailsWebRequestFilter.java:73) [grails-web-mvc-3.1.1.jar:3.1.1]
	at org.springframework.web.filter.OncePerRequestFilter.doFilter(OncePerRequestFilter.java:107) [spring-web-4.2.4.RELEASE.jar:4.2.4.RELEASE]
	at org.apache.catalina.core.ApplicationFilterChain.internalDoFilter(ApplicationFilterChain.java:239) [tomcat-embed-core-8.0.30.jar:8.0.30]
	at org.apache.catalina.core.ApplicationFilterChain.doFilter(ApplicationFilterChain.java:206) [tomcat-embed-core-8.0.30.jar:8.0.30]
	at org.grails.web.filters.HiddenHttpMethodFilter.doFilterInternal(HiddenHttpMethodFilter.java:67) [grails-web-mvc-3.1.1.jar:3.1.1]
	at org.springframework.web.filter.OncePerRequestFilter.doFilter(OncePerRequestFilter.java:107) [spring-web-4.2.4.RELEASE.jar:4.2.4.RELEASE]
	at org.apache.catalina.core.ApplicationFilterChain.internalDoFilter(ApplicationFilterChain.java:239) [tomcat-embed-core-8.0.30.jar:8.0.30]
	at org.apache.catalina.core.ApplicationFilterChain.doFilter(ApplicationFilterChain.java:206) [tomcat-embed-core-8.0.30.jar:8.0.30]
	at org.springframework.web.filter.CharacterEncodingFilter.doFilterInternal(CharacterEncodingFilter.java:121) [spring-web-4.2.4.RELEASE.jar:4.2.4.RELEASE]
	at org.springframework.web.filter.OncePerRequestFilter.doFilter(OncePerRequestFilter.java:107) [spring-web-4.2.4.RELEASE.jar:4.2.4.RELEASE]
	at org.apache.catalina.core.ApplicationFilterChain.internalDoFilter(ApplicationFilterChain.java:239) [tomcat-embed-core-8.0.30.jar:8.0.30]
	at org.apache.catalina.core.ApplicationFilterChain.doFilter(ApplicationFilterChain.java:206) [tomcat-embed-core-8.0.30.jar:8.0.30]
	at org.springframework.boot.actuate.autoconfigure.MetricsFilter.doFilterInternal(MetricsFilter.java:103) [spring-boot-actuator-1.3.2.RELEASE.jar:1.3.2.RELEASE]
	at org.springframework.web.filter.OncePerRequestFilter.doFilter(OncePerRequestFilter.java:107) [spring-web-4.2.4.RELEASE.jar:4.2.4.RELEASE]
	at org.apache.catalina.core.ApplicationFilterChain.internalDoFilter(ApplicationFilterChain.java:239) [tomcat-embed-core-8.0.30.jar:8.0.30]
	at org.apache.catalina.core.ApplicationFilterChain.doFilter(ApplicationFilterChain.java:206) [tomcat-embed-core-8.0.30.jar:8.0.30]
	at org.apache.catalina.core.StandardWrapperValve.invoke(StandardWrapperValve.java:212) [tomcat-embed-core-8.0.30.jar:8.0.30]
	at org.apache.catalina.core.StandardContextValve.invoke(StandardContextValve.java:106) [tomcat-embed-core-8.0.30.jar:8.0.30]
	at org.apache.catalina.authenticator.AuthenticatorBase.invoke(AuthenticatorBase.java:502) [tomcat-embed-core-8.0.30.jar:8.0.30]
	at org.apache.catalina.core.StandardHostValve.invoke(StandardHostValve.java:141) [tomcat-embed-core-8.0.30.jar:8.0.30]
	at org.apache.catalina.valves.ErrorReportValve.invoke(ErrorReportValve.java:79) [tomcat-embed-core-8.0.30.jar:8.0.30]
	at org.apache.catalina.core.StandardEngineValve.invoke(StandardEngineValve.java:88) [tomcat-embed-core-8.0.30.jar:8.0.30]
	at org.apache.catalina.connector.CoyoteAdapter.service(CoyoteAdapter.java:521) [tomcat-embed-core-8.0.30.jar:8.0.30]
	at org.apache.coyote.http11.AbstractHttp11Processor.process(AbstractHttp11Processor.java:1096) [tomcat-embed-core-8.0.30.jar:8.0.30]
	at org.apache.coyote.AbstractProtocol$AbstractConnectionHandler.process(AbstractProtocol.java:674) [tomcat-embed-core-8.0.30.jar:8.0.30]
	at org.apache.tomcat.util.net.NioEndpoint$SocketProcessor.doRun(NioEndpoint.java:1500) [tomcat-embed-core-8.0.30.jar:8.0.30]
	at org.apache.tomcat.util.net.NioEndpoint$SocketProcessor.run(NioEndpoint.java:1456) [tomcat-embed-core-8.0.30.jar:8.0.30]
	at java.util.concurrent.ThreadPoolExecutor.runWorker(ThreadPoolExecutor.java:1142) [na:1.8.0_66]
	at java.util.concurrent.ThreadPoolExecutor$Worker.run(ThreadPoolExecutor.java:617) [na:1.8.0_66]
	at org.apache.tomcat.util.threads.TaskThread$WrappingRunnable.run(TaskThread.java:61) [tomcat-embed-core-8.0.30.jar:8.0.30]
	at java.lang.Thread.run(Thread.java:745) [na:1.8.0_66]
ERROR StackTrace - Full Stack Trace:
groovy.lang.MissingMethodException: No signature of method: [Ljava.lang.String;.forEach() is applicable for argument types: (nbcms.TrackInputController$_index_closure1$_closure2) values: [nbcms.TrackInputController$_index_closure1$_closure2@3725b208]
Possible solutions: each(groovy.lang.Closure)
	at nbcms.TrackInputController$_index_closure1$$EPeMTDi1.doCall(TrackInputController.groovy:10) ~[na:na]
	at grails.plugins.csv.CSVReaderUtils.eachLine(CSVReaderUtils.groovy:34) ~[csv-1.0.jar:na]
	at grails.plugins.csv.CSVReaderUtils.eachLine(CSVReaderUtils.groovy:55) ~[csv-1.0.jar:na]
	at grails.plugins.csv.CsvGrailsPlugin$_doWithDynamicMethods_closure12.doCall(CsvGrailsPlugin.groovy:149) ~[csv-1.0.jar:na]
	at nbcms.TrackInputController$$EPeMTDhy.index(TrackInputController.groovy:9) ~[na:na]
	at java.util.concurrent.ThreadPoolExecutor.runWorker(ThreadPoolExecutor.java:1142) ~[na:1.8.0_66]
	at java.util.concurrent.ThreadPoolExecutor$Worker.run(ThreadPoolExecutor.java:617) ~[na:1.8.0_66]
	at java.lang.Thread.run(Thread.java:745) [na:1.8.0_66]
ERROR StackTrace - Full Stack Trace:
groovy.lang.MissingPropertyException: No such property: token for class: nbcms.TrackInputController
	at grails.artefact.gsp.TagLibraryInvoker$Trait$Helper.propertyMissing(TagLibraryInvoker.groovy:121) ~[grails-web-taglib-3.1.1.jar:3.1.1]
	at grails.artefact.gsp.TagLibraryInvoker$Trait$Helper$propertyMissing$1.call(Unknown Source) ~[na:na]
	at org.codehaus.groovy.runtime.callsite.CallSiteArray.defaultCall(CallSiteArray.java:48) ~[groovy-2.4.5.jar:2.4.5]
	at org.codehaus.groovy.runtime.callsite.AbstractCallSite.call(AbstractCallSite.java:113) ~[groovy-2.4.5.jar:2.4.5]
	at org.codehaus.groovy.runtime.callsite.AbstractCallSite.call(AbstractCallSite.java:133) ~[groovy-2.4.5.jar:2.4.5]
	at nbcms.TrackInputController$$EPeMTNcE.propertyMissing(TrackInputController.groovy) ~[na:na]
	at sun.reflect.NativeMethodAccessorImpl.invoke0(Native Method) ~[na:1.8.0_66]
	at sun.reflect.NativeMethodAccessorImpl.invoke(NativeMethodAccessorImpl.java:62) ~[na:1.8.0_66]
	at sun.reflect.DelegatingMethodAccessorImpl.invoke(DelegatingMethodAccessorImpl.java:43) ~[na:1.8.0_66]
	at java.lang.reflect.Method.invoke(Method.java:497) ~[na:1.8.0_66]
	at org.springsource.loaded.ri.ReloadedTypeInvoker$2.invoke(ReloadedTypeInvoker.java:133) ~[springloaded-1.2.5.RELEASE.jar:1.2.5.RELEASE]
	at org.springsource.loaded.ri.ReflectiveInterceptor.jlrMethodInvoke(ReflectiveInterceptor.java:1461) ~[springloaded-1.2.5.RELEASE.jar:1.2.5.RELEASE]
	at org.codehaus.groovy.reflection.CachedMethod.invoke(CachedMethod.java:93) ~[groovy-2.4.5.jar:2.4.5]
	at groovy.lang.MetaClassImpl.invokeMissingProperty(MetaClassImpl.java:877) ~[groovy-2.4.5.jar:2.4.5]
	at groovy.lang.MetaClassImpl.getProperty(MetaClassImpl.java:1856) ~[groovy-2.4.5.jar:2.4.5]
	at groovy.lang.ExpandoMetaClass.getProperty(ExpandoMetaClass.java:1153) ~[groovy-2.4.5.jar:2.4.5]
	at groovy.lang.MetaClassImpl.getProperty(MetaClassImpl.java:3737) ~[groovy-2.4.5.jar:2.4.5]
	at groovy.lang.ExpandoMetaClass.getProperty(ExpandoMetaClass.java:1165) ~[groovy-2.4.5.jar:2.4.5]
	at nbcms.TrackInputController$$EPeMTNcE.getProperty(TrackInputController.groovy) ~[na:na]
	at nbcms.TrackInputController$$DPeMTNcE.getProperty(Unknown Source) ~[na:na]
	at nbcms.TrackInputController.getProperty(TrackInputController.groovy) ~[main/:na]
	at org.codehaus.groovy.runtime.InvokerHelper.getProperty(InvokerHelper.java:172) ~[groovy-2.4.5.jar:2.4.5]
	at groovy.lang.Closure.getPropertyTryThese(Closure.java:324) ~[groovy-2.4.5.jar:2.4.5]
	at groovy.lang.Closure.getPropertyOwnerFirst(Closure.java:318) ~[groovy-2.4.5.jar:2.4.5]
	at groovy.lang.Closure.getProperty(Closure.java:307) ~[groovy-2.4.5.jar:2.4.5]
	at nbcms.TrackInputController$_index_closure1.getProperty(TrackInputController.groovy) ~[main/:na]
	at org.codehaus.groovy.runtime.InvokerHelper.getProperty(InvokerHelper.java:172) ~[groovy-2.4.5.jar:2.4.5]
	at groovy.lang.Closure.getPropertyTryThese(Closure.java:324) ~[groovy-2.4.5.jar:2.4.5]
	at groovy.lang.Closure.getPropertyOwnerFirst(Closure.java:318) ~[groovy-2.4.5.jar:2.4.5]
	at groovy.lang.Closure.getProperty(Closure.java:307) ~[groovy-2.4.5.jar:2.4.5]
	at nbcms.TrackInputController$_index_closure1$_closure2.getProperty(TrackInputController.groovy) ~[main/:na]
	at org.codehaus.groovy.runtime.callsite.PogoGetPropertySite.getProperty(PogoGetPropertySite.java:50) ~[groovy-2.4.5.jar:2.4.5]
	at org.codehaus.groovy.runtime.callsite.AbstractCallSite.callGroovyObjectGetProperty(AbstractCallSite.java:307) ~[groovy-2.4.5.jar:2.4.5]
	at nbcms.TrackInputController$_index_closure1$_closure2$$EPeMTNcG.doCall(TrackInputController.groovy:10) ~[na:na]
	at sun.reflect.NativeMethodAccessorImpl.invoke0(Native Method) ~[na:1.8.0_66]
	at sun.reflect.NativeMethodAccessorImpl.invoke(NativeMethodAccessorImpl.java:62) ~[na:1.8.0_66]
	at sun.reflect.DelegatingMethodAccessorImpl.invoke(DelegatingMethodAccessorImpl.java:43) ~[na:1.8.0_66]
	at java.lang.reflect.Method.invoke(Method.java:497) ~[na:1.8.0_66]
	at org.springsource.loaded.ri.ReloadedTypeInvoker$2.invoke(ReloadedTypeInvoker.java:133) ~[springloaded-1.2.5.RELEASE.jar:1.2.5.RELEASE]
	at org.springsource.loaded.ri.ReflectiveInterceptor.jlrMethodInvoke(ReflectiveInterceptor.java:1461) ~[springloaded-1.2.5.RELEASE.jar:1.2.5.RELEASE]
	at org.codehaus.groovy.reflection.CachedMethod.invoke(CachedMethod.java:93) ~[groovy-2.4.5.jar:2.4.5]
	at groovy.lang.MetaMethod.doMethodInvoke(MetaMethod.java:325) ~[groovy-2.4.5.jar:2.4.5]
	at org.codehaus.groovy.runtime.metaclass.ClosureMetaClass.invokeMethod(ClosureMetaClass.java:294) ~[groovy-2.4.5.jar:2.4.5]
	at groovy.lang.MetaClassImpl.invokeMethod(MetaClassImpl.java:1019) ~[groovy-2.4.5.jar:2.4.5]
	at groovy.lang.Closure.call(Closure.java:426) ~[groovy-2.4.5.jar:2.4.5]
	at nbcms.TrackInputController$_index_closure1$_closure2.call(TrackInputController.groovy) ~[main/:na]
	at groovy.lang.Closure.call(Closure.java:442) ~[groovy-2.4.5.jar:2.4.5]
	at nbcms.TrackInputController$_index_closure1$_closure2.call(TrackInputController.groovy) ~[main/:na]
	at org.codehaus.groovy.runtime.DefaultGroovyMethods.each(DefaultGroovyMethods.java:2030) ~[groovy-2.4.5.jar:2.4.5]
	at org.codehaus.groovy.runtime.DefaultGroovyMethods.each(DefaultGroovyMethods.java:1890) ~[groovy-2.4.5.jar:2.4.5]
	at org.codehaus.groovy.runtime.dgm$159.invoke(Unknown Source) ~[groovy-2.4.5.jar:2.4.5]
	at org.codehaus.groovy.runtime.callsite.PojoMetaMethodSite$PojoMetaMethodSiteNoUnwrapNoCoerce.invoke(PojoMetaMethodSite.java:274) ~[groovy-2.4.5.jar:2.4.5]
	at org.codehaus.groovy.runtime.callsite.PojoMetaMethodSite.call(PojoMetaMethodSite.java:56) ~[groovy-2.4.5.jar:2.4.5]
	at org.codehaus.groovy.runtime.callsite.CallSiteArray.defaultCall(CallSiteArray.java:48) ~[groovy-2.4.5.jar:2.4.5]
	at org.codehaus.groovy.runtime.callsite.AbstractCallSite.call(AbstractCallSite.java:113) ~[groovy-2.4.5.jar:2.4.5]
	at org.codehaus.groovy.runtime.callsite.AbstractCallSite.call(AbstractCallSite.java:125) ~[groovy-2.4.5.jar:2.4.5]
	at nbcms.TrackInputController$_index_closure1$$EPeMTNcG.doCall(TrackInputController.groovy:10) ~[na:na]
	at sun.reflect.NativeMethodAccessorImpl.invoke0(Native Method) ~[na:1.8.0_66]
	at sun.reflect.NativeMethodAccessorImpl.invoke(NativeMethodAccessorImpl.java:62) ~[na:1.8.0_66]
	at sun.reflect.DelegatingMethodAccessorImpl.invoke(DelegatingMethodAccessorImpl.java:43) ~[na:1.8.0_66]
	at java.lang.reflect.Method.invoke(Method.java:497) ~[na:1.8.0_66]
	at org.springsource.loaded.ri.ReloadedTypeInvoker$2.invoke(ReloadedTypeInvoker.java:133) ~[springloaded-1.2.5.RELEASE.jar:1.2.5.RELEASE]
	at org.springsource.loaded.ri.ReflectiveInterceptor.jlrMethodInvoke(ReflectiveInterceptor.java:1461) ~[springloaded-1.2.5.RELEASE.jar:1.2.5.RELEASE]
	at org.codehaus.groovy.reflection.CachedMethod.invoke(CachedMethod.java:93) ~[groovy-2.4.5.jar:2.4.5]
	at groovy.lang.MetaMethod.doMethodInvoke(MetaMethod.java:325) ~[groovy-2.4.5.jar:2.4.5]
	at org.codehaus.groovy.runtime.metaclass.ClosureMetaClass.invokeMethod(ClosureMetaClass.java:294) ~[groovy-2.4.5.jar:2.4.5]
	at groovy.lang.MetaClassImpl.invokeMethod(MetaClassImpl.java:1019) ~[groovy-2.4.5.jar:2.4.5]
	at org.codehaus.groovy.runtime.callsite.PogoMetaClassSite.call(PogoMetaClassSite.java:42) ~[groovy-2.4.5.jar:2.4.5]
	at org.codehaus.groovy.runtime.callsite.CallSiteArray.defaultCall(CallSiteArray.java:48) ~[groovy-2.4.5.jar:2.4.5]
	at org.codehaus.groovy.runtime.callsite.PogoMetaClassSite.call(PogoMetaClassSite.java:57) ~[groovy-2.4.5.jar:2.4.5]
	at org.codehaus.groovy.runtime.callsite.AbstractCallSite.call(AbstractCallSite.java:125) ~[groovy-2.4.5.jar:2.4.5]
	at grails.plugins.csv.CSVReaderUtils.eachLine(CSVReaderUtils.groovy:34) ~[csv-1.0.jar:na]
	at grails.plugins.csv.CSVReaderUtils$eachLine$1.callStatic(Unknown Source) ~[na:na]
	at grails.plugins.csv.CSVReaderUtils.eachLine(CSVReaderUtils.groovy:55) ~[csv-1.0.jar:na]
	at sun.reflect.NativeMethodAccessorImpl.invoke0(Native Method) ~[na:1.8.0_66]
	at sun.reflect.NativeMethodAccessorImpl.invoke(NativeMethodAccessorImpl.java:62) ~[na:1.8.0_66]
	at sun.reflect.DelegatingMethodAccessorImpl.invoke(DelegatingMethodAccessorImpl.java:43) ~[na:1.8.0_66]
	at java.lang.reflect.Method.invoke(Method.java:497) ~[na:1.8.0_66]
	at org.springsource.loaded.ri.ReflectiveInterceptor.jlrMethodInvoke(ReflectiveInterceptor.java:1432) ~[springloaded-1.2.5.RELEASE.jar:1.2.5.RELEASE]
	at org.codehaus.groovy.reflection.CachedMethod.invoke(CachedMethod.java:93) ~[groovy-2.4.5.jar:2.4.5]
	at groovy.lang.MetaMethod.doMethodInvoke(MetaMethod.java:325) ~[groovy-2.4.5.jar:2.4.5]
	at org.codehaus.groovy.runtime.callsite.StaticMetaMethodSite.invoke(StaticMetaMethodSite.java:46) ~[groovy-2.4.5.jar:2.4.5]
	at org.codehaus.groovy.runtime.callsite.StaticMetaMethodSite.call(StaticMetaMethodSite.java:91) ~[groovy-2.4.5.jar:2.4.5]
	at org.codehaus.groovy.runtime.callsite.AbstractCallSite.call(AbstractCallSite.java:133) ~[groovy-2.4.5.jar:2.4.5]
	at grails.plugins.csv.CsvGrailsPlugin$_doWithDynamicMethods_closure12.doCall(CsvGrailsPlugin.groovy:149) ~[csv-1.0.jar:na]
	at sun.reflect.NativeMethodAccessorImpl.invoke0(Native Method) ~[na:1.8.0_66]
	at sun.reflect.NativeMethodAccessorImpl.invoke(NativeMethodAccessorImpl.java:62) ~[na:1.8.0_66]
	at sun.reflect.DelegatingMethodAccessorImpl.invoke(DelegatingMethodAccessorImpl.java:43) ~[na:1.8.0_66]
	at java.lang.reflect.Method.invoke(Method.java:497) ~[na:1.8.0_66]
	at org.springsource.loaded.ri.ReflectiveInterceptor.jlrMethodInvoke(ReflectiveInterceptor.java:1432) ~[springloaded-1.2.5.RELEASE.jar:1.2.5.RELEASE]
	at org.codehaus.groovy.reflection.CachedMethod.invoke(CachedMethod.java:93) ~[groovy-2.4.5.jar:2.4.5]
	at org.codehaus.groovy.runtime.metaclass.ClosureMetaMethod.invoke(ClosureMetaMethod.java:84) ~[groovy-2.4.5.jar:2.4.5]
	at org.codehaus.groovy.runtime.callsite.PojoMetaMethodSite$PojoMetaMethodSiteNoUnwrapNoCoerce.invoke(PojoMetaMethodSite.java:274) ~[groovy-2.4.5.jar:2.4.5]
	at org.codehaus.groovy.runtime.callsite.PojoMetaMethodSite.call(PojoMetaMethodSite.java:56) ~[groovy-2.4.5.jar:2.4.5]
	at org.codehaus.groovy.runtime.callsite.CallSiteArray.defaultCall(CallSiteArray.java:48) ~[groovy-2.4.5.jar:2.4.5]
	at org.codehaus.groovy.runtime.callsite.AbstractCallSite.call(AbstractCallSite.java:113) ~[groovy-2.4.5.jar:2.4.5]
	at org.codehaus.groovy.runtime.callsite.AbstractCallSite.call(AbstractCallSite.java:125) ~[groovy-2.4.5.jar:2.4.5]
	at nbcms.TrackInputController$$EPeMTNcE.index(TrackInputController.groovy:9) ~[na:na]
	at nbcms.TrackInputController$$DPeMTNcE.index(Unknown Source) ~[na:na]
	at nbcms.TrackInputController.index(TrackInputController.groovy) ~[main/:na]
	at org.grails.core.DefaultGrailsControllerClass.invoke(DefaultGrailsControllerClass.java:182) ~[grails-core-3.1.1.jar:3.1.1]
	at org.grails.web.mapping.mvc.UrlMappingsInfoHandlerAdapter.handle(UrlMappingsInfoHandlerAdapter.groovy:87) ~[grails-web-url-mappings-3.1.1.jar:3.1.1]
	at org.springframework.web.servlet.DispatcherServlet.doDispatch(DispatcherServlet.java:959) [spring-webmvc-4.2.4.RELEASE.jar:4.2.4.RELEASE]
	at org.springframework.web.servlet.DispatcherServlet.doService(DispatcherServlet.java:893) [spring-webmvc-4.2.4.RELEASE.jar:4.2.4.RELEASE]
	at org.springframework.web.servlet.FrameworkServlet.processRequest(FrameworkServlet.java:969) [spring-webmvc-4.2.4.RELEASE.jar:4.2.4.RELEASE]
	at org.springframework.web.servlet.FrameworkServlet.doGet(FrameworkServlet.java:860) [spring-webmvc-4.2.4.RELEASE.jar:4.2.4.RELEASE]
	at javax.servlet.http.HttpServlet.service(HttpServlet.java:622) [tomcat-embed-core-8.0.30.jar:8.0.30]
	at org.springframework.web.servlet.FrameworkServlet.service(FrameworkServlet.java:845) [spring-webmvc-4.2.4.RELEASE.jar:4.2.4.RELEASE]
	at javax.servlet.http.HttpServlet.service(HttpServlet.java:729) [tomcat-embed-core-8.0.30.jar:8.0.30]
	at org.apache.catalina.core.ApplicationFilterChain.internalDoFilter(ApplicationFilterChain.java:291) [tomcat-embed-core-8.0.30.jar:8.0.30]
	at org.apache.catalina.core.ApplicationFilterChain.doFilter(ApplicationFilterChain.java:206) [tomcat-embed-core-8.0.30.jar:8.0.30]
	at org.apache.tomcat.websocket.server.WsFilter.doFilter(WsFilter.java:52) [tomcat-embed-websocket-8.0.30.jar:8.0.30]
	at org.apache.catalina.core.ApplicationFilterChain.internalDoFilter(ApplicationFilterChain.java:239) [tomcat-embed-core-8.0.30.jar:8.0.30]
	at org.apache.catalina.core.ApplicationFilterChain.doFilter(ApplicationFilterChain.java:206) [tomcat-embed-core-8.0.30.jar:8.0.30]
	at org.springframework.boot.actuate.autoconfigure.EndpointWebMvcAutoConfiguration$ApplicationContextHeaderFilter.doFilterInternal(EndpointWebMvcAutoConfiguration.java:237) [spring-boot-actuator-1.3.2.RELEASE.jar:1.3.2.RELEASE]
	at org.springframework.web.filter.OncePerRequestFilter.doFilter(OncePerRequestFilter.java:107) [spring-web-4.2.4.RELEASE.jar:4.2.4.RELEASE]
	at org.apache.catalina.core.ApplicationFilterChain.internalDoFilter(ApplicationFilterChain.java:239) [tomcat-embed-core-8.0.30.jar:8.0.30]
	at org.apache.catalina.core.ApplicationFilterChain.doFilter(ApplicationFilterChain.java:206) [tomcat-embed-core-8.0.30.jar:8.0.30]
	at org.springframework.boot.actuate.trace.WebRequestTraceFilter.doFilterInternal(WebRequestTraceFilter.java:111) [spring-boot-actuator-1.3.2.RELEASE.jar:1.3.2.RELEASE]
	at org.springframework.web.filter.OncePerRequestFilter.doFilter(OncePerRequestFilter.java:107) [spring-web-4.2.4.RELEASE.jar:4.2.4.RELEASE]
	at org.apache.catalina.core.ApplicationFilterChain.internalDoFilter(ApplicationFilterChain.java:239) [tomcat-embed-core-8.0.30.jar:8.0.30]
	at org.apache.catalina.core.ApplicationFilterChain.doFilter(ApplicationFilterChain.java:206) [tomcat-embed-core-8.0.30.jar:8.0.30]
	at org.grails.web.servlet.mvc.GrailsWebRequestFilter.doFilterInternal(GrailsWebRequestFilter.java:73) [grails-web-mvc-3.1.1.jar:3.1.1]
	at org.springframework.web.filter.OncePerRequestFilter.doFilter(OncePerRequestFilter.java:107) [spring-web-4.2.4.RELEASE.jar:4.2.4.RELEASE]
	at org.apache.catalina.core.ApplicationFilterChain.internalDoFilter(ApplicationFilterChain.java:239) [tomcat-embed-core-8.0.30.jar:8.0.30]
	at org.apache.catalina.core.ApplicationFilterChain.doFilter(ApplicationFilterChain.java:206) [tomcat-embed-core-8.0.30.jar:8.0.30]
	at org.grails.web.filters.HiddenHttpMethodFilter.doFilterInternal(HiddenHttpMethodFilter.java:67) [grails-web-mvc-3.1.1.jar:3.1.1]
	at org.springframework.web.filter.OncePerRequestFilter.doFilter(OncePerRequestFilter.java:107) [spring-web-4.2.4.RELEASE.jar:4.2.4.RELEASE]
	at org.apache.catalina.core.ApplicationFilterChain.internalDoFilter(ApplicationFilterChain.java:239) [tomcat-embed-core-8.0.30.jar:8.0.30]
	at org.apache.catalina.core.ApplicationFilterChain.doFilter(ApplicationFilterChain.java:206) [tomcat-embed-core-8.0.30.jar:8.0.30]
	at org.springframework.web.filter.CharacterEncodingFilter.doFilterInternal(CharacterEncodingFilter.java:121) [spring-web-4.2.4.RELEASE.jar:4.2.4.RELEASE]
	at org.springframework.web.filter.OncePerRequestFilter.doFilter(OncePerRequestFilter.java:107) [spring-web-4.2.4.RELEASE.jar:4.2.4.RELEASE]
	at org.apache.catalina.core.ApplicationFilterChain.internalDoFilter(ApplicationFilterChain.java:239) [tomcat-embed-core-8.0.30.jar:8.0.30]
	at org.apache.catalina.core.ApplicationFilterChain.doFilter(ApplicationFilterChain.java:206) [tomcat-embed-core-8.0.30.jar:8.0.30]
	at org.springframework.boot.actuate.autoconfigure.MetricsFilter.doFilterInternal(MetricsFilter.java:103) [spring-boot-actuator-1.3.2.RELEASE.jar:1.3.2.RELEASE]
	at org.springframework.web.filter.OncePerRequestFilter.doFilter(OncePerRequestFilter.java:107) [spring-web-4.2.4.RELEASE.jar:4.2.4.RELEASE]
	at org.apache.catalina.core.ApplicationFilterChain.internalDoFilter(ApplicationFilterChain.java:239) [tomcat-embed-core-8.0.30.jar:8.0.30]
	at org.apache.catalina.core.ApplicationFilterChain.doFilter(ApplicationFilterChain.java:206) [tomcat-embed-core-8.0.30.jar:8.0.30]
	at org.apache.catalina.core.StandardWrapperValve.invoke(StandardWrapperValve.java:212) [tomcat-embed-core-8.0.30.jar:8.0.30]
	at org.apache.catalina.core.StandardContextValve.invoke(StandardContextValve.java:106) [tomcat-embed-core-8.0.30.jar:8.0.30]
	at org.apache.catalina.authenticator.AuthenticatorBase.invoke(AuthenticatorBase.java:502) [tomcat-embed-core-8.0.30.jar:8.0.30]
	at org.apache.catalina.core.StandardHostValve.invoke(StandardHostValve.java:141) [tomcat-embed-core-8.0.30.jar:8.0.30]
	at org.apache.catalina.valves.ErrorReportValve.invoke(ErrorReportValve.java:79) [tomcat-embed-core-8.0.30.jar:8.0.30]
	at org.apache.catalina.core.StandardEngineValve.invoke(StandardEngineValve.java:88) [tomcat-embed-core-8.0.30.jar:8.0.30]
	at org.apache.catalina.connector.CoyoteAdapter.service(CoyoteAdapter.java:521) [tomcat-embed-core-8.0.30.jar:8.0.30]
	at org.apache.coyote.http11.AbstractHttp11Processor.process(AbstractHttp11Processor.java:1096) [tomcat-embed-core-8.0.30.jar:8.0.30]
	at org.apache.coyote.AbstractProtocol$AbstractConnectionHandler.process(AbstractProtocol.java:674) [tomcat-embed-core-8.0.30.jar:8.0.30]
	at org.apache.tomcat.util.net.NioEndpoint$SocketProcessor.doRun(NioEndpoint.java:1500) [tomcat-embed-core-8.0.30.jar:8.0.30]
	at org.apache.tomcat.util.net.NioEndpoint$SocketProcessor.run(NioEndpoint.java:1456) [tomcat-embed-core-8.0.30.jar:8.0.30]
	at java.util.concurrent.ThreadPoolExecutor.runWorker(ThreadPoolExecutor.java:1142) [na:1.8.0_66]
	at java.util.concurrent.ThreadPoolExecutor$Worker.run(ThreadPoolExecutor.java:617) [na:1.8.0_66]
	at org.apache.tomcat.util.threads.TaskThread$WrappingRunnable.run(TaskThread.java:61) [tomcat-embed-core-8.0.30.jar:8.0.30]
	at java.lang.Thread.run(Thread.java:745) [na:1.8.0_66]
ERROR StackTrace - Full Stack Trace:
groovy.lang.MissingPropertyException: No such property: token for class: nbcms.TrackInputController
	at grails.artefact.gsp.TagLibraryInvoker$Trait$Helper.propertyMissing(TagLibraryInvoker.groovy:121) ~[grails-web-taglib-3.1.1.jar:3.1.1]
	at nbcms.TrackInputController$_index_closure1$_closure2$$EPeMTNcG.doCall(TrackInputController.groovy:10) ~[na:na]
	at nbcms.TrackInputController$_index_closure1$$EPeMTNcG.doCall(TrackInputController.groovy:10) ~[na:na]
	at grails.plugins.csv.CSVReaderUtils.eachLine(CSVReaderUtils.groovy:34) ~[csv-1.0.jar:na]
	at grails.plugins.csv.CSVReaderUtils.eachLine(CSVReaderUtils.groovy:55) ~[csv-1.0.jar:na]
	at grails.plugins.csv.CsvGrailsPlugin$_doWithDynamicMethods_closure12.doCall(CsvGrailsPlugin.groovy:149) ~[csv-1.0.jar:na]
	at nbcms.TrackInputController$$EPeMTNcE.index(TrackInputController.groovy:9) ~[na:na]
	at java.util.concurrent.ThreadPoolExecutor.runWorker(ThreadPoolExecutor.java:1142) ~[na:1.8.0_66]
	at java.util.concurrent.ThreadPoolExecutor$Worker.run(ThreadPoolExecutor.java:617) ~[na:1.8.0_66]
	at java.lang.Thread.run(Thread.java:745) [na:1.8.0_66]
ERROR StackTrace - Full Stack Trace:
groovy.lang.MissingPropertyException: No such property: token for class: nbcms.TrackInputController
	at grails.artefact.gsp.TagLibraryInvoker$Trait$Helper.propertyMissing(TagLibraryInvoker.groovy:121) ~[grails-web-taglib-3.1.1.jar:3.1.1]
	at grails.artefact.gsp.TagLibraryInvoker$Trait$Helper$propertyMissing$1.call(Unknown Source) ~[na:na]
	at nbcms.TrackInputController$$EPeMTNcE.propertyMissing(TrackInputController.groovy) ~[na:na]
	at sun.reflect.NativeMethodAccessorImpl.invoke0(Native Method) ~[na:1.8.0_66]
	at sun.reflect.NativeMethodAccessorImpl.invoke(NativeMethodAccessorImpl.java:62) ~[na:1.8.0_66]
	at sun.reflect.DelegatingMethodAccessorImpl.invoke(DelegatingMethodAccessorImpl.java:43) ~[na:1.8.0_66]
	at java.lang.reflect.Method.invoke(Method.java:497) ~[na:1.8.0_66]
	at org.springsource.loaded.ri.ReloadedTypeInvoker$2.invoke(ReloadedTypeInvoker.java:133) ~[springloaded-1.2.5.RELEASE.jar:1.2.5.RELEASE]
	at org.springsource.loaded.ri.ReflectiveInterceptor.jlrMethodInvoke(ReflectiveInterceptor.java:1461) ~[springloaded-1.2.5.RELEASE.jar:1.2.5.RELEASE]
	at org.codehaus.groovy.reflection.CachedMethod.invoke(CachedMethod.java:93) ~[groovy-2.4.5.jar:2.4.5]
	at groovy.lang.MetaClassImpl.invokeMissingProperty(MetaClassImpl.java:877) ~[groovy-2.4.5.jar:2.4.5]
	at groovy.lang.MetaClassImpl.getProperty(MetaClassImpl.java:1856) ~[groovy-2.4.5.jar:2.4.5]
	at groovy.lang.ExpandoMetaClass.getProperty(ExpandoMetaClass.java:1153) ~[groovy-2.4.5.jar:2.4.5]
	at groovy.lang.MetaClassImpl.getProperty(MetaClassImpl.java:3737) ~[groovy-2.4.5.jar:2.4.5]
	at groovy.lang.ExpandoMetaClass.getProperty(ExpandoMetaClass.java:1165) ~[groovy-2.4.5.jar:2.4.5]
	at nbcms.TrackInputController$$EPeMTNcE.getProperty(TrackInputController.groovy) ~[na:na]
	at nbcms.TrackInputController$$DPeMTNcE.getProperty(Unknown Source) ~[na:na]
	at nbcms.TrackInputController.getProperty(TrackInputController.groovy) ~[main/:na]
	at org.codehaus.groovy.runtime.InvokerHelper.getProperty(InvokerHelper.java:172) ~[groovy-2.4.5.jar:2.4.5]
	at groovy.lang.Closure.getPropertyTryThese(Closure.java:324) ~[groovy-2.4.5.jar:2.4.5]
	at groovy.lang.Closure.getPropertyOwnerFirst(Closure.java:318) ~[groovy-2.4.5.jar:2.4.5]
	at groovy.lang.Closure.getProperty(Closure.java:307) ~[groovy-2.4.5.jar:2.4.5]
	at nbcms.TrackInputController$_index_closure1.getProperty(TrackInputController.groovy) ~[main/:na]
	at org.codehaus.groovy.runtime.InvokerHelper.getProperty(InvokerHelper.java:172) ~[groovy-2.4.5.jar:2.4.5]
	at groovy.lang.Closure.getPropertyTryThese(Closure.java:324) ~[groovy-2.4.5.jar:2.4.5]
	at groovy.lang.Closure.getPropertyOwnerFirst(Closure.java:318) ~[groovy-2.4.5.jar:2.4.5]
	at groovy.lang.Closure.getProperty(Closure.java:307) ~[groovy-2.4.5.jar:2.4.5]
	at nbcms.TrackInputController$_index_closure1$_closure2.getProperty(TrackInputController.groovy) ~[main/:na]
	at org.codehaus.groovy.runtime.callsite.PogoGetPropertySite.getProperty(PogoGetPropertySite.java:50) ~[groovy-2.4.5.jar:2.4.5]
	at org.codehaus.groovy.runtime.callsite.AbstractCallSite.callGroovyObjectGetProperty(AbstractCallSite.java:307) ~[groovy-2.4.5.jar:2.4.5]
	at nbcms.TrackInputController$_index_closure1$_closure2$$EPeMTNcG.doCall(TrackInputController.groovy:10) ~[na:na]
	at sun.reflect.NativeMethodAccessorImpl.invoke0(Native Method) ~[na:1.8.0_66]
	at sun.reflect.NativeMethodAccessorImpl.invoke(NativeMethodAccessorImpl.java:62) ~[na:1.8.0_66]
	at sun.reflect.DelegatingMethodAccessorImpl.invoke(DelegatingMethodAccessorImpl.java:43) ~[na:1.8.0_66]
	at java.lang.reflect.Method.invoke(Method.java:497) ~[na:1.8.0_66]
	at org.springsource.loaded.ri.ReloadedTypeInvoker$2.invoke(ReloadedTypeInvoker.java:133) ~[springloaded-1.2.5.RELEASE.jar:1.2.5.RELEASE]
	at org.springsource.loaded.ri.ReflectiveInterceptor.jlrMethodInvoke(ReflectiveInterceptor.java:1461) ~[springloaded-1.2.5.RELEASE.jar:1.2.5.RELEASE]
	at org.codehaus.groovy.reflection.CachedMethod.invoke(CachedMethod.java:93) ~[groovy-2.4.5.jar:2.4.5]
	at groovy.lang.MetaMethod.doMethodInvoke(MetaMethod.java:325) ~[groovy-2.4.5.jar:2.4.5]
	at org.codehaus.groovy.runtime.metaclass.ClosureMetaClass.invokeMethod(ClosureMetaClass.java:294) ~[groovy-2.4.5.jar:2.4.5]
	at groovy.lang.MetaClassImpl.invokeMethod(MetaClassImpl.java:1019) ~[groovy-2.4.5.jar:2.4.5]
	at groovy.lang.Closure.call(Closure.java:426) ~[groovy-2.4.5.jar:2.4.5]
	at nbcms.TrackInputController$_index_closure1$_closure2.call(TrackInputController.groovy) ~[main/:na]
	at groovy.lang.Closure.call(Closure.java:442) ~[groovy-2.4.5.jar:2.4.5]
	at nbcms.TrackInputController$_index_closure1$_closure2.call(TrackInputController.groovy) ~[main/:na]
	at org.codehaus.groovy.runtime.DefaultGroovyMethods.each(DefaultGroovyMethods.java:2030) ~[groovy-2.4.5.jar:2.4.5]
	at org.codehaus.groovy.runtime.DefaultGroovyMethods.each(DefaultGroovyMethods.java:1890) ~[groovy-2.4.5.jar:2.4.5]
	at org.codehaus.groovy.runtime.dgm$159.invoke(Unknown Source) ~[groovy-2.4.5.jar:2.4.5]
	at org.codehaus.groovy.runtime.callsite.PojoMetaMethodSite$PojoMetaMethodSiteNoUnwrapNoCoerce.invoke(PojoMetaMethodSite.java:274) ~[groovy-2.4.5.jar:2.4.5]
	at org.codehaus.groovy.runtime.callsite.PojoMetaMethodSite.call(PojoMetaMethodSite.java:56) ~[groovy-2.4.5.jar:2.4.5]
	at org.codehaus.groovy.runtime.callsite.AbstractCallSite.call(AbstractCallSite.java:125) ~[groovy-2.4.5.jar:2.4.5]
	at nbcms.TrackInputController$_index_closure1$$EPeMTNcG.doCall(TrackInputController.groovy:10) ~[na:na]
	at sun.reflect.NativeMethodAccessorImpl.invoke0(Native Method) ~[na:1.8.0_66]
	at sun.reflect.NativeMethodAccessorImpl.invoke(NativeMethodAccessorImpl.java:62) ~[na:1.8.0_66]
	at sun.reflect.DelegatingMethodAccessorImpl.invoke(DelegatingMethodAccessorImpl.java:43) ~[na:1.8.0_66]
	at java.lang.reflect.Method.invoke(Method.java:497) ~[na:1.8.0_66]
	at org.springsource.loaded.ri.ReloadedTypeInvoker$2.invoke(ReloadedTypeInvoker.java:133) ~[springloaded-1.2.5.RELEASE.jar:1.2.5.RELEASE]
	at org.springsource.loaded.ri.ReflectiveInterceptor.jlrMethodInvoke(ReflectiveInterceptor.java:1461) ~[springloaded-1.2.5.RELEASE.jar:1.2.5.RELEASE]
	at org.codehaus.groovy.reflection.CachedMethod.invoke(CachedMethod.java:93) ~[groovy-2.4.5.jar:2.4.5]
	at groovy.lang.MetaMethod.doMethodInvoke(MetaMethod.java:325) ~[groovy-2.4.5.jar:2.4.5]
	at org.codehaus.groovy.runtime.metaclass.ClosureMetaClass.invokeMethod(ClosureMetaClass.java:294) ~[groovy-2.4.5.jar:2.4.5]
	at groovy.lang.MetaClassImpl.invokeMethod(MetaClassImpl.java:1019) ~[groovy-2.4.5.jar:2.4.5]
	at org.codehaus.groovy.runtime.callsite.PogoMetaClassSite.call(PogoMetaClassSite.java:42) ~[groovy-2.4.5.jar:2.4.5]
	at org.codehaus.groovy.runtime.callsite.AbstractCallSite.call(AbstractCallSite.java:125) ~[groovy-2.4.5.jar:2.4.5]
	at grails.plugins.csv.CSVReaderUtils.eachLine(CSVReaderUtils.groovy:34) ~[csv-1.0.jar:na]
	at grails.plugins.csv.CSVReaderUtils$eachLine$1.callStatic(Unknown Source) ~[na:na]
	at grails.plugins.csv.CSVReaderUtils.eachLine(CSVReaderUtils.groovy:55) ~[csv-1.0.jar:na]
	at sun.reflect.NativeMethodAccessorImpl.invoke0(Native Method) ~[na:1.8.0_66]
	at sun.reflect.NativeMethodAccessorImpl.invoke(NativeMethodAccessorImpl.java:62) ~[na:1.8.0_66]
	at sun.reflect.DelegatingMethodAccessorImpl.invoke(DelegatingMethodAccessorImpl.java:43) ~[na:1.8.0_66]
	at java.lang.reflect.Method.invoke(Method.java:497) ~[na:1.8.0_66]
	at org.springsource.loaded.ri.ReflectiveInterceptor.jlrMethodInvoke(ReflectiveInterceptor.java:1432) ~[springloaded-1.2.5.RELEASE.jar:1.2.5.RELEASE]
	at org.codehaus.groovy.reflection.CachedMethod.invoke(CachedMethod.java:93) ~[groovy-2.4.5.jar:2.4.5]
	at groovy.lang.MetaMethod.doMethodInvoke(MetaMethod.java:325) ~[groovy-2.4.5.jar:2.4.5]
	at org.codehaus.groovy.runtime.callsite.StaticMetaMethodSite.invoke(StaticMetaMethodSite.java:46) ~[groovy-2.4.5.jar:2.4.5]
	at org.codehaus.groovy.runtime.callsite.StaticMetaMethodSite.call(StaticMetaMethodSite.java:91) ~[groovy-2.4.5.jar:2.4.5]
	at org.codehaus.groovy.runtime.callsite.AbstractCallSite.call(AbstractCallSite.java:133) ~[groovy-2.4.5.jar:2.4.5]
	at grails.plugins.csv.CsvGrailsPlugin$_doWithDynamicMethods_closure12.doCall(CsvGrailsPlugin.groovy:149) ~[csv-1.0.jar:na]
	at sun.reflect.NativeMethodAccessorImpl.invoke0(Native Method) ~[na:1.8.0_66]
	at sun.reflect.NativeMethodAccessorImpl.invoke(NativeMethodAccessorImpl.java:62) ~[na:1.8.0_66]
	at sun.reflect.DelegatingMethodAccessorImpl.invoke(DelegatingMethodAccessorImpl.java:43) ~[na:1.8.0_66]
	at java.lang.reflect.Method.invoke(Method.java:497) ~[na:1.8.0_66]
	at org.springsource.loaded.ri.ReflectiveInterceptor.jlrMethodInvoke(ReflectiveInterceptor.java:1432) ~[springloaded-1.2.5.RELEASE.jar:1.2.5.RELEASE]
	at org.codehaus.groovy.reflection.CachedMethod.invoke(CachedMethod.java:93) ~[groovy-2.4.5.jar:2.4.5]
	at org.codehaus.groovy.runtime.metaclass.ClosureMetaMethod.invoke(ClosureMetaMethod.java:84) ~[groovy-2.4.5.jar:2.4.5]
	at org.codehaus.groovy.runtime.callsite.PojoMetaMethodSite$PojoMetaMethodSiteNoUnwrapNoCoerce.invoke(PojoMetaMethodSite.java:274) ~[groovy-2.4.5.jar:2.4.5]
	at org.codehaus.groovy.runtime.callsite.PojoMetaMethodSite.call(PojoMetaMethodSite.java:56) ~[groovy-2.4.5.jar:2.4.5]
	at org.codehaus.groovy.runtime.callsite.AbstractCallSite.call(AbstractCallSite.java:125) ~[groovy-2.4.5.jar:2.4.5]
	at nbcms.TrackInputController$$EPeMTNcE.index(TrackInputController.groovy:9) ~[na:na]
	at nbcms.TrackInputController$$DPeMTNcE.index(Unknown Source) ~[na:na]
	at nbcms.TrackInputController.index(TrackInputController.groovy) ~[main/:na]
	at org.grails.core.DefaultGrailsControllerClass.invoke(DefaultGrailsControllerClass.java:182) ~[grails-core-3.1.1.jar:3.1.1]
	at org.grails.web.mapping.mvc.UrlMappingsInfoHandlerAdapter.handle(UrlMappingsInfoHandlerAdapter.groovy:87) ~[grails-web-url-mappings-3.1.1.jar:3.1.1]
	at org.springframework.web.servlet.DispatcherServlet.doDispatch(DispatcherServlet.java:959) [spring-webmvc-4.2.4.RELEASE.jar:4.2.4.RELEASE]
	at org.springframework.web.servlet.DispatcherServlet.doService(DispatcherServlet.java:893) [spring-webmvc-4.2.4.RELEASE.jar:4.2.4.RELEASE]
	at org.springframework.web.servlet.FrameworkServlet.processRequest(FrameworkServlet.java:969) [spring-webmvc-4.2.4.RELEASE.jar:4.2.4.RELEASE]
	at org.springframework.web.servlet.FrameworkServlet.doGet(FrameworkServlet.java:860) [spring-webmvc-4.2.4.RELEASE.jar:4.2.4.RELEASE]
	at javax.servlet.http.HttpServlet.service(HttpServlet.java:622) [tomcat-embed-core-8.0.30.jar:8.0.30]
	at org.springframework.web.servlet.FrameworkServlet.service(FrameworkServlet.java:845) [spring-webmvc-4.2.4.RELEASE.jar:4.2.4.RELEASE]
	at javax.servlet.http.HttpServlet.service(HttpServlet.java:729) [tomcat-embed-core-8.0.30.jar:8.0.30]
	at org.apache.catalina.core.ApplicationFilterChain.internalDoFilter(ApplicationFilterChain.java:291) [tomcat-embed-core-8.0.30.jar:8.0.30]
	at org.apache.catalina.core.ApplicationFilterChain.doFilter(ApplicationFilterChain.java:206) [tomcat-embed-core-8.0.30.jar:8.0.30]
	at org.apache.tomcat.websocket.server.WsFilter.doFilter(WsFilter.java:52) [tomcat-embed-websocket-8.0.30.jar:8.0.30]
	at org.apache.catalina.core.ApplicationFilterChain.internalDoFilter(ApplicationFilterChain.java:239) [tomcat-embed-core-8.0.30.jar:8.0.30]
	at org.apache.catalina.core.ApplicationFilterChain.doFilter(ApplicationFilterChain.java:206) [tomcat-embed-core-8.0.30.jar:8.0.30]
	at org.springframework.boot.actuate.autoconfigure.EndpointWebMvcAutoConfiguration$ApplicationContextHeaderFilter.doFilterInternal(EndpointWebMvcAutoConfiguration.java:237) [spring-boot-actuator-1.3.2.RELEASE.jar:1.3.2.RELEASE]
	at org.springframework.web.filter.OncePerRequestFilter.doFilter(OncePerRequestFilter.java:107) [spring-web-4.2.4.RELEASE.jar:4.2.4.RELEASE]
	at org.apache.catalina.core.ApplicationFilterChain.internalDoFilter(ApplicationFilterChain.java:239) [tomcat-embed-core-8.0.30.jar:8.0.30]
	at org.apache.catalina.core.ApplicationFilterChain.doFilter(ApplicationFilterChain.java:206) [tomcat-embed-core-8.0.30.jar:8.0.30]
	at org.springframework.boot.actuate.trace.WebRequestTraceFilter.doFilterInternal(WebRequestTraceFilter.java:111) [spring-boot-actuator-1.3.2.RELEASE.jar:1.3.2.RELEASE]
	at org.springframework.web.filter.OncePerRequestFilter.doFilter(OncePerRequestFilter.java:107) [spring-web-4.2.4.RELEASE.jar:4.2.4.RELEASE]
	at org.apache.catalina.core.ApplicationFilterChain.internalDoFilter(ApplicationFilterChain.java:239) [tomcat-embed-core-8.0.30.jar:8.0.30]
	at org.apache.catalina.core.ApplicationFilterChain.doFilter(ApplicationFilterChain.java:206) [tomcat-embed-core-8.0.30.jar:8.0.30]
	at org.grails.web.servlet.mvc.GrailsWebRequestFilter.doFilterInternal(GrailsWebRequestFilter.java:73) [grails-web-mvc-3.1.1.jar:3.1.1]
	at org.springframework.web.filter.OncePerRequestFilter.doFilter(OncePerRequestFilter.java:107) [spring-web-4.2.4.RELEASE.jar:4.2.4.RELEASE]
	at org.apache.catalina.core.ApplicationFilterChain.internalDoFilter(ApplicationFilterChain.java:239) [tomcat-embed-core-8.0.30.jar:8.0.30]
	at org.apache.catalina.core.ApplicationFilterChain.doFilter(ApplicationFilterChain.java:206) [tomcat-embed-core-8.0.30.jar:8.0.30]
	at org.grails.web.filters.HiddenHttpMethodFilter.doFilterInternal(HiddenHttpMethodFilter.java:67) [grails-web-mvc-3.1.1.jar:3.1.1]
	at org.springframework.web.filter.OncePerRequestFilter.doFilter(OncePerRequestFilter.java:107) [spring-web-4.2.4.RELEASE.jar:4.2.4.RELEASE]
	at org.apache.catalina.core.ApplicationFilterChain.internalDoFilter(ApplicationFilterChain.java:239) [tomcat-embed-core-8.0.30.jar:8.0.30]
	at org.apache.catalina.core.ApplicationFilterChain.doFilter(ApplicationFilterChain.java:206) [tomcat-embed-core-8.0.30.jar:8.0.30]
	at org.springframework.web.filter.CharacterEncodingFilter.doFilterInternal(CharacterEncodingFilter.java:121) [spring-web-4.2.4.RELEASE.jar:4.2.4.RELEASE]
	at org.springframework.web.filter.OncePerRequestFilter.doFilter(OncePerRequestFilter.java:107) [spring-web-4.2.4.RELEASE.jar:4.2.4.RELEASE]
	at org.apache.catalina.core.ApplicationFilterChain.internalDoFilter(ApplicationFilterChain.java:239) [tomcat-embed-core-8.0.30.jar:8.0.30]
	at org.apache.catalina.core.ApplicationFilterChain.doFilter(ApplicationFilterChain.java:206) [tomcat-embed-core-8.0.30.jar:8.0.30]
	at org.springframework.boot.actuate.autoconfigure.MetricsFilter.doFilterInternal(MetricsFilter.java:103) [spring-boot-actuator-1.3.2.RELEASE.jar:1.3.2.RELEASE]
	at org.springframework.web.filter.OncePerRequestFilter.doFilter(OncePerRequestFilter.java:107) [spring-web-4.2.4.RELEASE.jar:4.2.4.RELEASE]
	at org.apache.catalina.core.ApplicationFilterChain.internalDoFilter(ApplicationFilterChain.java:239) [tomcat-embed-core-8.0.30.jar:8.0.30]
	at org.apache.catalina.core.ApplicationFilterChain.doFilter(ApplicationFilterChain.java:206) [tomcat-embed-core-8.0.30.jar:8.0.30]
	at org.apache.catalina.core.StandardWrapperValve.invoke(StandardWrapperValve.java:212) [tomcat-embed-core-8.0.30.jar:8.0.30]
	at org.apache.catalina.core.StandardContextValve.invoke(StandardContextValve.java:106) [tomcat-embed-core-8.0.30.jar:8.0.30]
	at org.apache.catalina.authenticator.AuthenticatorBase.invoke(AuthenticatorBase.java:502) [tomcat-embed-core-8.0.30.jar:8.0.30]
	at org.apache.catalina.core.StandardHostValve.invoke(StandardHostValve.java:141) [tomcat-embed-core-8.0.30.jar:8.0.30]
	at org.apache.catalina.valves.ErrorReportValve.invoke(ErrorReportValve.java:79) [tomcat-embed-core-8.0.30.jar:8.0.30]
	at org.apache.catalina.core.StandardEngineValve.invoke(StandardEngineValve.java:88) [tomcat-embed-core-8.0.30.jar:8.0.30]
	at org.apache.catalina.connector.CoyoteAdapter.service(CoyoteAdapter.java:521) [tomcat-embed-core-8.0.30.jar:8.0.30]
	at org.apache.coyote.http11.AbstractHttp11Processor.process(AbstractHttp11Processor.java:1096) [tomcat-embed-core-8.0.30.jar:8.0.30]
	at org.apache.coyote.AbstractProtocol$AbstractConnectionHandler.process(AbstractProtocol.java:674) [tomcat-embed-core-8.0.30.jar:8.0.30]
	at org.apache.tomcat.util.net.NioEndpoint$SocketProcessor.doRun(NioEndpoint.java:1500) [tomcat-embed-core-8.0.30.jar:8.0.30]
	at org.apache.tomcat.util.net.NioEndpoint$SocketProcessor.run(NioEndpoint.java:1456) [tomcat-embed-core-8.0.30.jar:8.0.30]
	at java.util.concurrent.ThreadPoolExecutor.runWorker(ThreadPoolExecutor.java:1142) [na:1.8.0_66]
	at java.util.concurrent.ThreadPoolExecutor$Worker.run(ThreadPoolExecutor.java:617) [na:1.8.0_66]
	at org.apache.tomcat.util.threads.TaskThread$WrappingRunnable.run(TaskThread.java:61) [tomcat-embed-core-8.0.30.jar:8.0.30]
	at java.lang.Thread.run(Thread.java:745) [na:1.8.0_66]
ERROR StackTrace - Full Stack Trace:
groovy.lang.MissingPropertyException: No such property: token for class: nbcms.TrackInputController
	at grails.artefact.gsp.TagLibraryInvoker$Trait$Helper.propertyMissing(TagLibraryInvoker.groovy:121) ~[grails-web-taglib-3.1.1.jar:3.1.1]
	at nbcms.TrackInputController$_index_closure1$_closure2$$EPeMTNcG.doCall(TrackInputController.groovy:10) ~[na:na]
	at nbcms.TrackInputController$_index_closure1$$EPeMTNcG.doCall(TrackInputController.groovy:10) ~[na:na]
	at grails.plugins.csv.CSVReaderUtils.eachLine(CSVReaderUtils.groovy:34) ~[csv-1.0.jar:na]
	at grails.plugins.csv.CSVReaderUtils.eachLine(CSVReaderUtils.groovy:55) ~[csv-1.0.jar:na]
	at grails.plugins.csv.CsvGrailsPlugin$_doWithDynamicMethods_closure12.doCall(CsvGrailsPlugin.groovy:149) ~[csv-1.0.jar:na]
	at nbcms.TrackInputController$$EPeMTNcE.index(TrackInputController.groovy:9) ~[na:na]
	at java.util.concurrent.ThreadPoolExecutor.runWorker(ThreadPoolExecutor.java:1142) ~[na:1.8.0_66]
	at java.util.concurrent.ThreadPoolExecutor$Worker.run(ThreadPoolExecutor.java:617) ~[na:1.8.0_66]
	at java.lang.Thread.run(Thread.java:745) [na:1.8.0_66]
ERROR StackTrace - Full Stack Trace:
groovy.lang.MissingPropertyException: No such property: token for class: nbcms.TrackInputController
	at grails.artefact.gsp.TagLibraryInvoker$Trait$Helper.propertyMissing(TagLibraryInvoker.groovy:121) ~[grails-web-taglib-3.1.1.jar:3.1.1]
	at grails.artefact.gsp.TagLibraryInvoker$Trait$Helper$propertyMissing$1.call(Unknown Source) ~[na:na]
	at nbcms.TrackInputController$$EPeMTNcE.propertyMissing(TrackInputController.groovy) ~[na:na]
	at sun.reflect.NativeMethodAccessorImpl.invoke0(Native Method) ~[na:1.8.0_66]
	at sun.reflect.NativeMethodAccessorImpl.invoke(NativeMethodAccessorImpl.java:62) ~[na:1.8.0_66]
	at sun.reflect.DelegatingMethodAccessorImpl.invoke(DelegatingMethodAccessorImpl.java:43) ~[na:1.8.0_66]
	at java.lang.reflect.Method.invoke(Method.java:497) ~[na:1.8.0_66]
	at org.springsource.loaded.ri.ReloadedTypeInvoker$2.invoke(ReloadedTypeInvoker.java:133) ~[springloaded-1.2.5.RELEASE.jar:1.2.5.RELEASE]
	at org.springsource.loaded.ri.ReflectiveInterceptor.jlrMethodInvoke(ReflectiveInterceptor.java:1461) ~[springloaded-1.2.5.RELEASE.jar:1.2.5.RELEASE]
	at org.codehaus.groovy.reflection.CachedMethod.invoke(CachedMethod.java:93) ~[groovy-2.4.5.jar:2.4.5]
	at groovy.lang.MetaClassImpl.invokeMissingProperty(MetaClassImpl.java:877) ~[groovy-2.4.5.jar:2.4.5]
	at groovy.lang.MetaClassImpl.getProperty(MetaClassImpl.java:1856) ~[groovy-2.4.5.jar:2.4.5]
	at groovy.lang.ExpandoMetaClass.getProperty(ExpandoMetaClass.java:1153) ~[groovy-2.4.5.jar:2.4.5]
	at groovy.lang.MetaClassImpl.getProperty(MetaClassImpl.java:3737) ~[groovy-2.4.5.jar:2.4.5]
	at groovy.lang.ExpandoMetaClass.getProperty(ExpandoMetaClass.java:1165) ~[groovy-2.4.5.jar:2.4.5]
	at nbcms.TrackInputController$$EPeMTNcE.getProperty(TrackInputController.groovy) ~[na:na]
	at nbcms.TrackInputController$$DPeMTNcE.getProperty(Unknown Source) ~[na:na]
	at nbcms.TrackInputController.getProperty(TrackInputController.groovy) ~[main/:na]
	at org.codehaus.groovy.runtime.InvokerHelper.getProperty(InvokerHelper.java:172) ~[groovy-2.4.5.jar:2.4.5]
	at groovy.lang.Closure.getPropertyTryThese(Closure.java:324) ~[groovy-2.4.5.jar:2.4.5]
	at groovy.lang.Closure.getPropertyOwnerFirst(Closure.java:318) ~[groovy-2.4.5.jar:2.4.5]
	at groovy.lang.Closure.getProperty(Closure.java:307) ~[groovy-2.4.5.jar:2.4.5]
	at nbcms.TrackInputController$_index_closure1.getProperty(TrackInputController.groovy) ~[main/:na]
	at org.codehaus.groovy.runtime.InvokerHelper.getProperty(InvokerHelper.java:172) ~[groovy-2.4.5.jar:2.4.5]
	at groovy.lang.Closure.getPropertyTryThese(Closure.java:324) ~[groovy-2.4.5.jar:2.4.5]
	at groovy.lang.Closure.getPropertyOwnerFirst(Closure.java:318) ~[groovy-2.4.5.jar:2.4.5]
	at groovy.lang.Closure.getProperty(Closure.java:307) ~[groovy-2.4.5.jar:2.4.5]
	at nbcms.TrackInputController$_index_closure1$_closure2.getProperty(TrackInputController.groovy) ~[main/:na]
	at org.codehaus.groovy.runtime.callsite.PogoGetPropertySite.getProperty(PogoGetPropertySite.java:50) ~[groovy-2.4.5.jar:2.4.5]
	at org.codehaus.groovy.runtime.callsite.AbstractCallSite.callGroovyObjectGetProperty(AbstractCallSite.java:307) ~[groovy-2.4.5.jar:2.4.5]
	at nbcms.TrackInputController$_index_closure1$_closure2$$EPeMTNcG.doCall(TrackInputController.groovy:10) ~[na:na]
	at sun.reflect.NativeMethodAccessorImpl.invoke0(Native Method) ~[na:1.8.0_66]
	at sun.reflect.NativeMethodAccessorImpl.invoke(NativeMethodAccessorImpl.java:62) ~[na:1.8.0_66]
	at sun.reflect.DelegatingMethodAccessorImpl.invoke(DelegatingMethodAccessorImpl.java:43) ~[na:1.8.0_66]
	at java.lang.reflect.Method.invoke(Method.java:497) ~[na:1.8.0_66]
	at org.springsource.loaded.ri.ReloadedTypeInvoker$2.invoke(ReloadedTypeInvoker.java:133) ~[springloaded-1.2.5.RELEASE.jar:1.2.5.RELEASE]
	at org.springsource.loaded.ri.ReflectiveInterceptor.jlrMethodInvoke(ReflectiveInterceptor.java:1461) ~[springloaded-1.2.5.RELEASE.jar:1.2.5.RELEASE]
	at org.codehaus.groovy.reflection.CachedMethod.invoke(CachedMethod.java:93) ~[groovy-2.4.5.jar:2.4.5]
	at groovy.lang.MetaMethod.doMethodInvoke(MetaMethod.java:325) ~[groovy-2.4.5.jar:2.4.5]
	at org.codehaus.groovy.runtime.metaclass.ClosureMetaClass.invokeMethod(ClosureMetaClass.java:294) ~[groovy-2.4.5.jar:2.4.5]
	at groovy.lang.MetaClassImpl.invokeMethod(MetaClassImpl.java:1019) ~[groovy-2.4.5.jar:2.4.5]
	at groovy.lang.Closure.call(Closure.java:426) ~[groovy-2.4.5.jar:2.4.5]
	at nbcms.TrackInputController$_index_closure1$_closure2.call(TrackInputController.groovy) ~[main/:na]
	at groovy.lang.Closure.call(Closure.java:442) ~[groovy-2.4.5.jar:2.4.5]
	at nbcms.TrackInputController$_index_closure1$_closure2.call(TrackInputController.groovy) ~[main/:na]
	at org.codehaus.groovy.runtime.DefaultGroovyMethods.each(DefaultGroovyMethods.java:2030) ~[groovy-2.4.5.jar:2.4.5]
	at org.codehaus.groovy.runtime.DefaultGroovyMethods.each(DefaultGroovyMethods.java:1890) ~[groovy-2.4.5.jar:2.4.5]
	at org.codehaus.groovy.runtime.dgm$159.invoke(Unknown Source) ~[groovy-2.4.5.jar:2.4.5]
	at org.codehaus.groovy.runtime.callsite.PojoMetaMethodSite$PojoMetaMethodSiteNoUnwrapNoCoerce.invoke(PojoMetaMethodSite.java:274) ~[groovy-2.4.5.jar:2.4.5]
	at org.codehaus.groovy.runtime.callsite.PojoMetaMethodSite.call(PojoMetaMethodSite.java:56) ~[groovy-2.4.5.jar:2.4.5]
	at org.codehaus.groovy.runtime.callsite.AbstractCallSite.call(AbstractCallSite.java:125) ~[groovy-2.4.5.jar:2.4.5]
	at nbcms.TrackInputController$_index_closure1$$EPeMTNcG.doCall(TrackInputController.groovy:10) ~[na:na]
	at sun.reflect.NativeMethodAccessorImpl.invoke0(Native Method) ~[na:1.8.0_66]
	at sun.reflect.NativeMethodAccessorImpl.invoke(NativeMethodAccessorImpl.java:62) ~[na:1.8.0_66]
	at sun.reflect.DelegatingMethodAccessorImpl.invoke(DelegatingMethodAccessorImpl.java:43) ~[na:1.8.0_66]
	at java.lang.reflect.Method.invoke(Method.java:497) ~[na:1.8.0_66]
	at org.springsource.loaded.ri.ReloadedTypeInvoker$2.invoke(ReloadedTypeInvoker.java:133) ~[springloaded-1.2.5.RELEASE.jar:1.2.5.RELEASE]
	at org.springsource.loaded.ri.ReflectiveInterceptor.jlrMethodInvoke(ReflectiveInterceptor.java:1461) ~[springloaded-1.2.5.RELEASE.jar:1.2.5.RELEASE]
	at org.codehaus.groovy.reflection.CachedMethod.invoke(CachedMethod.java:93) ~[groovy-2.4.5.jar:2.4.5]
	at groovy.lang.MetaMethod.doMethodInvoke(MetaMethod.java:325) ~[groovy-2.4.5.jar:2.4.5]
	at org.codehaus.groovy.runtime.metaclass.ClosureMetaClass.invokeMethod(ClosureMetaClass.java:294) ~[groovy-2.4.5.jar:2.4.5]
	at groovy.lang.MetaClassImpl.invokeMethod(MetaClassImpl.java:1019) ~[groovy-2.4.5.jar:2.4.5]
	at org.codehaus.groovy.runtime.callsite.PogoMetaClassSite.call(PogoMetaClassSite.java:42) ~[groovy-2.4.5.jar:2.4.5]
	at org.codehaus.groovy.runtime.callsite.AbstractCallSite.call(AbstractCallSite.java:125) ~[groovy-2.4.5.jar:2.4.5]
	at grails.plugins.csv.CSVReaderUtils.eachLine(CSVReaderUtils.groovy:34) ~[csv-1.0.jar:na]
	at grails.plugins.csv.CSVReaderUtils$eachLine$1.callStatic(Unknown Source) ~[na:na]
	at grails.plugins.csv.CSVReaderUtils.eachLine(CSVReaderUtils.groovy:55) ~[csv-1.0.jar:na]
	at sun.reflect.NativeMethodAccessorImpl.invoke0(Native Method) ~[na:1.8.0_66]
	at sun.reflect.NativeMethodAccessorImpl.invoke(NativeMethodAccessorImpl.java:62) ~[na:1.8.0_66]
	at sun.reflect.DelegatingMethodAccessorImpl.invoke(DelegatingMethodAccessorImpl.java:43) ~[na:1.8.0_66]
	at java.lang.reflect.Method.invoke(Method.java:497) ~[na:1.8.0_66]
	at org.springsource.loaded.ri.ReflectiveInterceptor.jlrMethodInvoke(ReflectiveInterceptor.java:1432) ~[springloaded-1.2.5.RELEASE.jar:1.2.5.RELEASE]
	at org.codehaus.groovy.reflection.CachedMethod.invoke(CachedMethod.java:93) ~[groovy-2.4.5.jar:2.4.5]
	at groovy.lang.MetaMethod.doMethodInvoke(MetaMethod.java:325) ~[groovy-2.4.5.jar:2.4.5]
	at org.codehaus.groovy.runtime.callsite.StaticMetaMethodSite.invoke(StaticMetaMethodSite.java:46) ~[groovy-2.4.5.jar:2.4.5]
	at org.codehaus.groovy.runtime.callsite.StaticMetaMethodSite.call(StaticMetaMethodSite.java:91) ~[groovy-2.4.5.jar:2.4.5]
	at org.codehaus.groovy.runtime.callsite.AbstractCallSite.call(AbstractCallSite.java:133) ~[groovy-2.4.5.jar:2.4.5]
	at grails.plugins.csv.CsvGrailsPlugin$_doWithDynamicMethods_closure12.doCall(CsvGrailsPlugin.groovy:149) ~[csv-1.0.jar:na]
	at sun.reflect.NativeMethodAccessorImpl.invoke0(Native Method) ~[na:1.8.0_66]
	at sun.reflect.NativeMethodAccessorImpl.invoke(NativeMethodAccessorImpl.java:62) ~[na:1.8.0_66]
	at sun.reflect.DelegatingMethodAccessorImpl.invoke(DelegatingMethodAccessorImpl.java:43) ~[na:1.8.0_66]
	at java.lang.reflect.Method.invoke(Method.java:497) ~[na:1.8.0_66]
	at org.springsource.loaded.ri.ReflectiveInterceptor.jlrMethodInvoke(ReflectiveInterceptor.java:1432) ~[springloaded-1.2.5.RELEASE.jar:1.2.5.RELEASE]
	at org.codehaus.groovy.reflection.CachedMethod.invoke(CachedMethod.java:93) ~[groovy-2.4.5.jar:2.4.5]
	at org.codehaus.groovy.runtime.metaclass.ClosureMetaMethod.invoke(ClosureMetaMethod.java:84) ~[groovy-2.4.5.jar:2.4.5]
	at org.codehaus.groovy.runtime.callsite.PojoMetaMethodSite$PojoMetaMethodSiteNoUnwrapNoCoerce.invoke(PojoMetaMethodSite.java:274) ~[groovy-2.4.5.jar:2.4.5]
	at org.codehaus.groovy.runtime.callsite.PojoMetaMethodSite.call(PojoMetaMethodSite.java:56) ~[groovy-2.4.5.jar:2.4.5]
	at org.codehaus.groovy.runtime.callsite.AbstractCallSite.call(AbstractCallSite.java:125) ~[groovy-2.4.5.jar:2.4.5]
	at nbcms.TrackInputController$$EPeMTNcE.index(TrackInputController.groovy:9) ~[na:na]
	at nbcms.TrackInputController$$DPeMTNcE.index(Unknown Source) ~[na:na]
	at nbcms.TrackInputController.index(TrackInputController.groovy) ~[main/:na]
	at org.grails.core.DefaultGrailsControllerClass.invoke(DefaultGrailsControllerClass.java:182) ~[grails-core-3.1.1.jar:3.1.1]
	at org.grails.web.mapping.mvc.UrlMappingsInfoHandlerAdapter.handle(UrlMappingsInfoHandlerAdapter.groovy:87) ~[grails-web-url-mappings-3.1.1.jar:3.1.1]
	at org.springframework.web.servlet.DispatcherServlet.doDispatch(DispatcherServlet.java:959) [spring-webmvc-4.2.4.RELEASE.jar:4.2.4.RELEASE]
	at org.springframework.web.servlet.DispatcherServlet.doService(DispatcherServlet.java:893) [spring-webmvc-4.2.4.RELEASE.jar:4.2.4.RELEASE]
	at org.springframework.web.servlet.FrameworkServlet.processRequest(FrameworkServlet.java:969) [spring-webmvc-4.2.4.RELEASE.jar:4.2.4.RELEASE]
	at org.springframework.web.servlet.FrameworkServlet.doGet(FrameworkServlet.java:860) [spring-webmvc-4.2.4.RELEASE.jar:4.2.4.RELEASE]
	at javax.servlet.http.HttpServlet.service(HttpServlet.java:622) [tomcat-embed-core-8.0.30.jar:8.0.30]
	at org.springframework.web.servlet.FrameworkServlet.service(FrameworkServlet.java:845) [spring-webmvc-4.2.4.RELEASE.jar:4.2.4.RELEASE]
	at javax.servlet.http.HttpServlet.service(HttpServlet.java:729) [tomcat-embed-core-8.0.30.jar:8.0.30]
	at org.apache.catalina.core.ApplicationFilterChain.internalDoFilter(ApplicationFilterChain.java:291) [tomcat-embed-core-8.0.30.jar:8.0.30]
	at org.apache.catalina.core.ApplicationFilterChain.doFilter(ApplicationFilterChain.java:206) [tomcat-embed-core-8.0.30.jar:8.0.30]
	at org.apache.tomcat.websocket.server.WsFilter.doFilter(WsFilter.java:52) [tomcat-embed-websocket-8.0.30.jar:8.0.30]
	at org.apache.catalina.core.ApplicationFilterChain.internalDoFilter(ApplicationFilterChain.java:239) [tomcat-embed-core-8.0.30.jar:8.0.30]
	at org.apache.catalina.core.ApplicationFilterChain.doFilter(ApplicationFilterChain.java:206) [tomcat-embed-core-8.0.30.jar:8.0.30]
	at org.springframework.boot.actuate.autoconfigure.EndpointWebMvcAutoConfiguration$ApplicationContextHeaderFilter.doFilterInternal(EndpointWebMvcAutoConfiguration.java:237) [spring-boot-actuator-1.3.2.RELEASE.jar:1.3.2.RELEASE]
	at org.springframework.web.filter.OncePerRequestFilter.doFilter(OncePerRequestFilter.java:107) [spring-web-4.2.4.RELEASE.jar:4.2.4.RELEASE]
	at org.apache.catalina.core.ApplicationFilterChain.internalDoFilter(ApplicationFilterChain.java:239) [tomcat-embed-core-8.0.30.jar:8.0.30]
	at org.apache.catalina.core.ApplicationFilterChain.doFilter(ApplicationFilterChain.java:206) [tomcat-embed-core-8.0.30.jar:8.0.30]
	at org.springframework.boot.actuate.trace.WebRequestTraceFilter.doFilterInternal(WebRequestTraceFilter.java:111) [spring-boot-actuator-1.3.2.RELEASE.jar:1.3.2.RELEASE]
	at org.springframework.web.filter.OncePerRequestFilter.doFilter(OncePerRequestFilter.java:107) [spring-web-4.2.4.RELEASE.jar:4.2.4.RELEASE]
	at org.apache.catalina.core.ApplicationFilterChain.internalDoFilter(ApplicationFilterChain.java:239) [tomcat-embed-core-8.0.30.jar:8.0.30]
	at org.apache.catalina.core.ApplicationFilterChain.doFilter(ApplicationFilterChain.java:206) [tomcat-embed-core-8.0.30.jar:8.0.30]
	at org.grails.web.servlet.mvc.GrailsWebRequestFilter.doFilterInternal(GrailsWebRequestFilter.java:73) [grails-web-mvc-3.1.1.jar:3.1.1]
	at org.springframework.web.filter.OncePerRequestFilter.doFilter(OncePerRequestFilter.java:107) [spring-web-4.2.4.RELEASE.jar:4.2.4.RELEASE]
	at org.apache.catalina.core.ApplicationFilterChain.internalDoFilter(ApplicationFilterChain.java:239) [tomcat-embed-core-8.0.30.jar:8.0.30]
	at org.apache.catalina.core.ApplicationFilterChain.doFilter(ApplicationFilterChain.java:206) [tomcat-embed-core-8.0.30.jar:8.0.30]
	at org.grails.web.filters.HiddenHttpMethodFilter.doFilterInternal(HiddenHttpMethodFilter.java:67) [grails-web-mvc-3.1.1.jar:3.1.1]
	at org.springframework.web.filter.OncePerRequestFilter.doFilter(OncePerRequestFilter.java:107) [spring-web-4.2.4.RELEASE.jar:4.2.4.RELEASE]
	at org.apache.catalina.core.ApplicationFilterChain.internalDoFilter(ApplicationFilterChain.java:239) [tomcat-embed-core-8.0.30.jar:8.0.30]
	at org.apache.catalina.core.ApplicationFilterChain.doFilter(ApplicationFilterChain.java:206) [tomcat-embed-core-8.0.30.jar:8.0.30]
	at org.springframework.web.filter.CharacterEncodingFilter.doFilterInternal(CharacterEncodingFilter.java:121) [spring-web-4.2.4.RELEASE.jar:4.2.4.RELEASE]
	at org.springframework.web.filter.OncePerRequestFilter.doFilter(OncePerRequestFilter.java:107) [spring-web-4.2.4.RELEASE.jar:4.2.4.RELEASE]
	at org.apache.catalina.core.ApplicationFilterChain.internalDoFilter(ApplicationFilterChain.java:239) [tomcat-embed-core-8.0.30.jar:8.0.30]
	at org.apache.catalina.core.ApplicationFilterChain.doFilter(ApplicationFilterChain.java:206) [tomcat-embed-core-8.0.30.jar:8.0.30]
	at org.springframework.boot.actuate.autoconfigure.MetricsFilter.doFilterInternal(MetricsFilter.java:103) [spring-boot-actuator-1.3.2.RELEASE.jar:1.3.2.RELEASE]
	at org.springframework.web.filter.OncePerRequestFilter.doFilter(OncePerRequestFilter.java:107) [spring-web-4.2.4.RELEASE.jar:4.2.4.RELEASE]
	at org.apache.catalina.core.ApplicationFilterChain.internalDoFilter(ApplicationFilterChain.java:239) [tomcat-embed-core-8.0.30.jar:8.0.30]
	at org.apache.catalina.core.ApplicationFilterChain.doFilter(ApplicationFilterChain.java:206) [tomcat-embed-core-8.0.30.jar:8.0.30]
	at org.apache.catalina.core.StandardWrapperValve.invoke(StandardWrapperValve.java:212) [tomcat-embed-core-8.0.30.jar:8.0.30]
	at org.apache.catalina.core.StandardContextValve.invoke(StandardContextValve.java:106) [tomcat-embed-core-8.0.30.jar:8.0.30]
	at org.apache.catalina.authenticator.AuthenticatorBase.invoke(AuthenticatorBase.java:502) [tomcat-embed-core-8.0.30.jar:8.0.30]
	at org.apache.catalina.core.StandardHostValve.invoke(StandardHostValve.java:141) [tomcat-embed-core-8.0.30.jar:8.0.30]
	at org.apache.catalina.valves.ErrorReportValve.invoke(ErrorReportValve.java:79) [tomcat-embed-core-8.0.30.jar:8.0.30]
	at org.apache.catalina.core.StandardEngineValve.invoke(StandardEngineValve.java:88) [tomcat-embed-core-8.0.30.jar:8.0.30]
	at org.apache.catalina.connector.CoyoteAdapter.service(CoyoteAdapter.java:521) [tomcat-embed-core-8.0.30.jar:8.0.30]
	at org.apache.coyote.http11.AbstractHttp11Processor.process(AbstractHttp11Processor.java:1096) [tomcat-embed-core-8.0.30.jar:8.0.30]
	at org.apache.coyote.AbstractProtocol$AbstractConnectionHandler.process(AbstractProtocol.java:674) [tomcat-embed-core-8.0.30.jar:8.0.30]
	at org.apache.tomcat.util.net.NioEndpoint$SocketProcessor.doRun(NioEndpoint.java:1500) [tomcat-embed-core-8.0.30.jar:8.0.30]
	at org.apache.tomcat.util.net.NioEndpoint$SocketProcessor.run(NioEndpoint.java:1456) [tomcat-embed-core-8.0.30.jar:8.0.30]
	at java.util.concurrent.ThreadPoolExecutor.runWorker(ThreadPoolExecutor.java:1142) [na:1.8.0_66]
	at java.util.concurrent.ThreadPoolExecutor$Worker.run(ThreadPoolExecutor.java:617) [na:1.8.0_66]
	at org.apache.tomcat.util.threads.TaskThread$WrappingRunnable.run(TaskThread.java:61) [tomcat-embed-core-8.0.30.jar:8.0.30]
	at java.lang.Thread.run(Thread.java:745) [na:1.8.0_66]
ERROR StackTrace - Full Stack Trace:
groovy.lang.MissingPropertyException: No such property: token for class: nbcms.TrackInputController
	at grails.artefact.gsp.TagLibraryInvoker$Trait$Helper.propertyMissing(TagLibraryInvoker.groovy:121) ~[grails-web-taglib-3.1.1.jar:3.1.1]
	at nbcms.TrackInputController$_index_closure1$_closure2$$EPeMTNcG.doCall(TrackInputController.groovy:10) ~[na:na]
	at nbcms.TrackInputController$_index_closure1$$EPeMTNcG.doCall(TrackInputController.groovy:10) ~[na:na]
	at grails.plugins.csv.CSVReaderUtils.eachLine(CSVReaderUtils.groovy:34) ~[csv-1.0.jar:na]
	at grails.plugins.csv.CSVReaderUtils.eachLine(CSVReaderUtils.groovy:55) ~[csv-1.0.jar:na]
	at grails.plugins.csv.CsvGrailsPlugin$_doWithDynamicMethods_closure12.doCall(CsvGrailsPlugin.groovy:149) ~[csv-1.0.jar:na]
	at nbcms.TrackInputController$$EPeMTNcE.index(TrackInputController.groovy:9) ~[na:na]
	at java.util.concurrent.ThreadPoolExecutor.runWorker(ThreadPoolExecutor.java:1142) ~[na:1.8.0_66]
	at java.util.concurrent.ThreadPoolExecutor$Worker.run(ThreadPoolExecutor.java:617) ~[na:1.8.0_66]
	at java.lang.Thread.run(Thread.java:745) [na:1.8.0_66]
ERROR StackTrace - Full Stack Trace:
groovy.lang.MissingPropertyException: No such property: token for class: nbcms.TrackInputController
	at grails.artefact.gsp.TagLibraryInvoker$Trait$Helper.propertyMissing(TagLibraryInvoker.groovy:121) ~[grails-web-taglib-3.1.1.jar:3.1.1]
	at grails.artefact.gsp.TagLibraryInvoker$Trait$Helper$propertyMissing$1.call(Unknown Source) ~[na:na]
	at nbcms.TrackInputController$$EPeMTNcE.propertyMissing(TrackInputController.groovy) ~[na:na]
	at sun.reflect.NativeMethodAccessorImpl.invoke0(Native Method) ~[na:1.8.0_66]
	at sun.reflect.NativeMethodAccessorImpl.invoke(NativeMethodAccessorImpl.java:62) ~[na:1.8.0_66]
	at sun.reflect.DelegatingMethodAccessorImpl.invoke(DelegatingMethodAccessorImpl.java:43) ~[na:1.8.0_66]
	at java.lang.reflect.Method.invoke(Method.java:497) ~[na:1.8.0_66]
	at org.springsource.loaded.ri.ReloadedTypeInvoker$2.invoke(ReloadedTypeInvoker.java:133) ~[springloaded-1.2.5.RELEASE.jar:1.2.5.RELEASE]
	at org.springsource.loaded.ri.ReflectiveInterceptor.jlrMethodInvoke(ReflectiveInterceptor.java:1461) ~[springloaded-1.2.5.RELEASE.jar:1.2.5.RELEASE]
	at org.codehaus.groovy.reflection.CachedMethod.invoke(CachedMethod.java:93) ~[groovy-2.4.5.jar:2.4.5]
	at groovy.lang.MetaClassImpl.invokeMissingProperty(MetaClassImpl.java:877) ~[groovy-2.4.5.jar:2.4.5]
	at groovy.lang.MetaClassImpl.getProperty(MetaClassImpl.java:1856) ~[groovy-2.4.5.jar:2.4.5]
	at groovy.lang.ExpandoMetaClass.getProperty(ExpandoMetaClass.java:1153) ~[groovy-2.4.5.jar:2.4.5]
	at groovy.lang.MetaClassImpl.getProperty(MetaClassImpl.java:3737) ~[groovy-2.4.5.jar:2.4.5]
	at groovy.lang.ExpandoMetaClass.getProperty(ExpandoMetaClass.java:1165) ~[groovy-2.4.5.jar:2.4.5]
	at nbcms.TrackInputController$$EPeMTNcE.getProperty(TrackInputController.groovy) ~[na:na]
	at nbcms.TrackInputController$$DPeMTNcE.getProperty(Unknown Source) ~[na:na]
	at nbcms.TrackInputController.getProperty(TrackInputController.groovy) ~[main/:na]
	at org.codehaus.groovy.runtime.InvokerHelper.getProperty(InvokerHelper.java:172) ~[groovy-2.4.5.jar:2.4.5]
	at groovy.lang.Closure.getPropertyTryThese(Closure.java:324) ~[groovy-2.4.5.jar:2.4.5]
	at groovy.lang.Closure.getPropertyOwnerFirst(Closure.java:318) ~[groovy-2.4.5.jar:2.4.5]
	at groovy.lang.Closure.getProperty(Closure.java:307) ~[groovy-2.4.5.jar:2.4.5]
	at nbcms.TrackInputController$_index_closure1.getProperty(TrackInputController.groovy) ~[main/:na]
	at org.codehaus.groovy.runtime.InvokerHelper.getProperty(InvokerHelper.java:172) ~[groovy-2.4.5.jar:2.4.5]
	at groovy.lang.Closure.getPropertyTryThese(Closure.java:324) ~[groovy-2.4.5.jar:2.4.5]
	at groovy.lang.Closure.getPropertyOwnerFirst(Closure.java:318) ~[groovy-2.4.5.jar:2.4.5]
	at groovy.lang.Closure.getProperty(Closure.java:307) ~[groovy-2.4.5.jar:2.4.5]
	at nbcms.TrackInputController$_index_closure1$_closure2.getProperty(TrackInputController.groovy) ~[main/:na]
	at org.codehaus.groovy.runtime.callsite.PogoGetPropertySite.getProperty(PogoGetPropertySite.java:50) ~[groovy-2.4.5.jar:2.4.5]
	at org.codehaus.groovy.runtime.callsite.AbstractCallSite.callGroovyObjectGetProperty(AbstractCallSite.java:307) ~[groovy-2.4.5.jar:2.4.5]
	at nbcms.TrackInputController$_index_closure1$_closure2$$EPeMTNcG.doCall(TrackInputController.groovy:10) ~[na:na]
	at sun.reflect.NativeMethodAccessorImpl.invoke0(Native Method) ~[na:1.8.0_66]
	at sun.reflect.NativeMethodAccessorImpl.invoke(NativeMethodAccessorImpl.java:62) ~[na:1.8.0_66]
	at sun.reflect.DelegatingMethodAccessorImpl.invoke(DelegatingMethodAccessorImpl.java:43) ~[na:1.8.0_66]
	at java.lang.reflect.Method.invoke(Method.java:497) ~[na:1.8.0_66]
	at org.springsource.loaded.ri.ReloadedTypeInvoker$2.invoke(ReloadedTypeInvoker.java:133) ~[springloaded-1.2.5.RELEASE.jar:1.2.5.RELEASE]
	at org.springsource.loaded.ri.ReflectiveInterceptor.jlrMethodInvoke(ReflectiveInterceptor.java:1461) ~[springloaded-1.2.5.RELEASE.jar:1.2.5.RELEASE]
	at org.codehaus.groovy.reflection.CachedMethod.invoke(CachedMethod.java:93) ~[groovy-2.4.5.jar:2.4.5]
	at groovy.lang.MetaMethod.doMethodInvoke(MetaMethod.java:325) ~[groovy-2.4.5.jar:2.4.5]
	at org.codehaus.groovy.runtime.metaclass.ClosureMetaClass.invokeMethod(ClosureMetaClass.java:294) ~[groovy-2.4.5.jar:2.4.5]
	at groovy.lang.MetaClassImpl.invokeMethod(MetaClassImpl.java:1019) ~[groovy-2.4.5.jar:2.4.5]
	at groovy.lang.Closure.call(Closure.java:426) ~[groovy-2.4.5.jar:2.4.5]
	at nbcms.TrackInputController$_index_closure1$_closure2.call(TrackInputController.groovy) ~[main/:na]
	at groovy.lang.Closure.call(Closure.java:442) ~[groovy-2.4.5.jar:2.4.5]
	at nbcms.TrackInputController$_index_closure1$_closure2.call(TrackInputController.groovy) ~[main/:na]
	at org.codehaus.groovy.runtime.DefaultGroovyMethods.each(DefaultGroovyMethods.java:2030) ~[groovy-2.4.5.jar:2.4.5]
	at org.codehaus.groovy.runtime.DefaultGroovyMethods.each(DefaultGroovyMethods.java:1890) ~[groovy-2.4.5.jar:2.4.5]
	at org.codehaus.groovy.runtime.dgm$159.invoke(Unknown Source) ~[groovy-2.4.5.jar:2.4.5]
	at org.codehaus.groovy.runtime.callsite.PojoMetaMethodSite$PojoMetaMethodSiteNoUnwrapNoCoerce.invoke(PojoMetaMethodSite.java:274) ~[groovy-2.4.5.jar:2.4.5]
	at org.codehaus.groovy.runtime.callsite.PojoMetaMethodSite.call(PojoMetaMethodSite.java:56) ~[groovy-2.4.5.jar:2.4.5]
	at org.codehaus.groovy.runtime.callsite.AbstractCallSite.call(AbstractCallSite.java:125) ~[groovy-2.4.5.jar:2.4.5]
	at nbcms.TrackInputController$_index_closure1$$EPeMTNcG.doCall(TrackInputController.groovy:10) ~[na:na]
	at sun.reflect.NativeMethodAccessorImpl.invoke0(Native Method) ~[na:1.8.0_66]
	at sun.reflect.NativeMethodAccessorImpl.invoke(NativeMethodAccessorImpl.java:62) ~[na:1.8.0_66]
	at sun.reflect.DelegatingMethodAccessorImpl.invoke(DelegatingMethodAccessorImpl.java:43) ~[na:1.8.0_66]
	at java.lang.reflect.Method.invoke(Method.java:497) ~[na:1.8.0_66]
	at org.springsource.loaded.ri.ReloadedTypeInvoker$2.invoke(ReloadedTypeInvoker.java:133) ~[springloaded-1.2.5.RELEASE.jar:1.2.5.RELEASE]
	at org.springsource.loaded.ri.ReflectiveInterceptor.jlrMethodInvoke(ReflectiveInterceptor.java:1461) ~[springloaded-1.2.5.RELEASE.jar:1.2.5.RELEASE]
	at org.codehaus.groovy.reflection.CachedMethod.invoke(CachedMethod.java:93) ~[groovy-2.4.5.jar:2.4.5]
	at groovy.lang.MetaMethod.doMethodInvoke(MetaMethod.java:325) ~[groovy-2.4.5.jar:2.4.5]
	at org.codehaus.groovy.runtime.metaclass.ClosureMetaClass.invokeMethod(ClosureMetaClass.java:294) ~[groovy-2.4.5.jar:2.4.5]
	at groovy.lang.MetaClassImpl.invokeMethod(MetaClassImpl.java:1019) ~[groovy-2.4.5.jar:2.4.5]
	at org.codehaus.groovy.runtime.callsite.PogoMetaClassSite.call(PogoMetaClassSite.java:42) ~[groovy-2.4.5.jar:2.4.5]
	at org.codehaus.groovy.runtime.callsite.AbstractCallSite.call(AbstractCallSite.java:125) ~[groovy-2.4.5.jar:2.4.5]
	at grails.plugins.csv.CSVReaderUtils.eachLine(CSVReaderUtils.groovy:34) ~[csv-1.0.jar:na]
	at grails.plugins.csv.CSVReaderUtils$eachLine$1.callStatic(Unknown Source) ~[na:na]
	at grails.plugins.csv.CSVReaderUtils.eachLine(CSVReaderUtils.groovy:55) ~[csv-1.0.jar:na]
	at sun.reflect.NativeMethodAccessorImpl.invoke0(Native Method) ~[na:1.8.0_66]
	at sun.reflect.NativeMethodAccessorImpl.invoke(NativeMethodAccessorImpl.java:62) ~[na:1.8.0_66]
	at sun.reflect.DelegatingMethodAccessorImpl.invoke(DelegatingMethodAccessorImpl.java:43) ~[na:1.8.0_66]
	at java.lang.reflect.Method.invoke(Method.java:497) ~[na:1.8.0_66]
	at org.springsource.loaded.ri.ReflectiveInterceptor.jlrMethodInvoke(ReflectiveInterceptor.java:1432) ~[springloaded-1.2.5.RELEASE.jar:1.2.5.RELEASE]
	at org.codehaus.groovy.reflection.CachedMethod.invoke(CachedMethod.java:93) ~[groovy-2.4.5.jar:2.4.5]
	at groovy.lang.MetaMethod.doMethodInvoke(MetaMethod.java:325) ~[groovy-2.4.5.jar:2.4.5]
	at org.codehaus.groovy.runtime.callsite.StaticMetaMethodSite.invoke(StaticMetaMethodSite.java:46) ~[groovy-2.4.5.jar:2.4.5]
	at org.codehaus.groovy.runtime.callsite.StaticMetaMethodSite.call(StaticMetaMethodSite.java:91) ~[groovy-2.4.5.jar:2.4.5]
	at org.codehaus.groovy.runtime.callsite.AbstractCallSite.call(AbstractCallSite.java:133) ~[groovy-2.4.5.jar:2.4.5]
	at grails.plugins.csv.CsvGrailsPlugin$_doWithDynamicMethods_closure12.doCall(CsvGrailsPlugin.groovy:149) ~[csv-1.0.jar:na]
	at sun.reflect.NativeMethodAccessorImpl.invoke0(Native Method) ~[na:1.8.0_66]
	at sun.reflect.NativeMethodAccessorImpl.invoke(NativeMethodAccessorImpl.java:62) ~[na:1.8.0_66]
	at sun.reflect.DelegatingMethodAccessorImpl.invoke(DelegatingMethodAccessorImpl.java:43) ~[na:1.8.0_66]
	at java.lang.reflect.Method.invoke(Method.java:497) ~[na:1.8.0_66]
	at org.springsource.loaded.ri.ReflectiveInterceptor.jlrMethodInvoke(ReflectiveInterceptor.java:1432) ~[springloaded-1.2.5.RELEASE.jar:1.2.5.RELEASE]
	at org.codehaus.groovy.reflection.CachedMethod.invoke(CachedMethod.java:93) ~[groovy-2.4.5.jar:2.4.5]
	at org.codehaus.groovy.runtime.metaclass.ClosureMetaMethod.invoke(ClosureMetaMethod.java:84) ~[groovy-2.4.5.jar:2.4.5]
	at org.codehaus.groovy.runtime.callsite.PojoMetaMethodSite$PojoMetaMethodSiteNoUnwrapNoCoerce.invoke(PojoMetaMethodSite.java:274) ~[groovy-2.4.5.jar:2.4.5]
	at org.codehaus.groovy.runtime.callsite.PojoMetaMethodSite.call(PojoMetaMethodSite.java:56) ~[groovy-2.4.5.jar:2.4.5]
	at org.codehaus.groovy.runtime.callsite.AbstractCallSite.call(AbstractCallSite.java:125) ~[groovy-2.4.5.jar:2.4.5]
	at nbcms.TrackInputController$$EPeMTNcE.index(TrackInputController.groovy:9) ~[na:na]
	at nbcms.TrackInputController$$DPeMTNcE.index(Unknown Source) ~[na:na]
	at nbcms.TrackInputController.index(TrackInputController.groovy) ~[main/:na]
	at org.grails.core.DefaultGrailsControllerClass.invoke(DefaultGrailsControllerClass.java:182) ~[grails-core-3.1.1.jar:3.1.1]
	at org.grails.web.mapping.mvc.UrlMappingsInfoHandlerAdapter.handle(UrlMappingsInfoHandlerAdapter.groovy:87) ~[grails-web-url-mappings-3.1.1.jar:3.1.1]
	at org.springframework.web.servlet.DispatcherServlet.doDispatch(DispatcherServlet.java:959) [spring-webmvc-4.2.4.RELEASE.jar:4.2.4.RELEASE]
	at org.springframework.web.servlet.DispatcherServlet.doService(DispatcherServlet.java:893) [spring-webmvc-4.2.4.RELEASE.jar:4.2.4.RELEASE]
	at org.springframework.web.servlet.FrameworkServlet.processRequest(FrameworkServlet.java:969) [spring-webmvc-4.2.4.RELEASE.jar:4.2.4.RELEASE]
	at org.springframework.web.servlet.FrameworkServlet.doGet(FrameworkServlet.java:860) [spring-webmvc-4.2.4.RELEASE.jar:4.2.4.RELEASE]
	at javax.servlet.http.HttpServlet.service(HttpServlet.java:622) [tomcat-embed-core-8.0.30.jar:8.0.30]
	at org.springframework.web.servlet.FrameworkServlet.service(FrameworkServlet.java:845) [spring-webmvc-4.2.4.RELEASE.jar:4.2.4.RELEASE]
	at javax.servlet.http.HttpServlet.service(HttpServlet.java:729) [tomcat-embed-core-8.0.30.jar:8.0.30]
	at org.apache.catalina.core.ApplicationFilterChain.internalDoFilter(ApplicationFilterChain.java:291) [tomcat-embed-core-8.0.30.jar:8.0.30]
	at org.apache.catalina.core.ApplicationFilterChain.doFilter(ApplicationFilterChain.java:206) [tomcat-embed-core-8.0.30.jar:8.0.30]
	at org.apache.tomcat.websocket.server.WsFilter.doFilter(WsFilter.java:52) [tomcat-embed-websocket-8.0.30.jar:8.0.30]
	at org.apache.catalina.core.ApplicationFilterChain.internalDoFilter(ApplicationFilterChain.java:239) [tomcat-embed-core-8.0.30.jar:8.0.30]
	at org.apache.catalina.core.ApplicationFilterChain.doFilter(ApplicationFilterChain.java:206) [tomcat-embed-core-8.0.30.jar:8.0.30]
	at org.springframework.boot.actuate.autoconfigure.EndpointWebMvcAutoConfiguration$ApplicationContextHeaderFilter.doFilterInternal(EndpointWebMvcAutoConfiguration.java:237) [spring-boot-actuator-1.3.2.RELEASE.jar:1.3.2.RELEASE]
	at org.springframework.web.filter.OncePerRequestFilter.doFilter(OncePerRequestFilter.java:107) [spring-web-4.2.4.RELEASE.jar:4.2.4.RELEASE]
	at org.apache.catalina.core.ApplicationFilterChain.internalDoFilter(ApplicationFilterChain.java:239) [tomcat-embed-core-8.0.30.jar:8.0.30]
	at org.apache.catalina.core.ApplicationFilterChain.doFilter(ApplicationFilterChain.java:206) [tomcat-embed-core-8.0.30.jar:8.0.30]
	at org.springframework.boot.actuate.trace.WebRequestTraceFilter.doFilterInternal(WebRequestTraceFilter.java:111) [spring-boot-actuator-1.3.2.RELEASE.jar:1.3.2.RELEASE]
	at org.springframework.web.filter.OncePerRequestFilter.doFilter(OncePerRequestFilter.java:107) [spring-web-4.2.4.RELEASE.jar:4.2.4.RELEASE]
	at org.apache.catalina.core.ApplicationFilterChain.internalDoFilter(ApplicationFilterChain.java:239) [tomcat-embed-core-8.0.30.jar:8.0.30]
	at org.apache.catalina.core.ApplicationFilterChain.doFilter(ApplicationFilterChain.java:206) [tomcat-embed-core-8.0.30.jar:8.0.30]
	at org.grails.web.servlet.mvc.GrailsWebRequestFilter.doFilterInternal(GrailsWebRequestFilter.java:73) [grails-web-mvc-3.1.1.jar:3.1.1]
	at org.springframework.web.filter.OncePerRequestFilter.doFilter(OncePerRequestFilter.java:107) [spring-web-4.2.4.RELEASE.jar:4.2.4.RELEASE]
	at org.apache.catalina.core.ApplicationFilterChain.internalDoFilter(ApplicationFilterChain.java:239) [tomcat-embed-core-8.0.30.jar:8.0.30]
	at org.apache.catalina.core.ApplicationFilterChain.doFilter(ApplicationFilterChain.java:206) [tomcat-embed-core-8.0.30.jar:8.0.30]
	at org.grails.web.filters.HiddenHttpMethodFilter.doFilterInternal(HiddenHttpMethodFilter.java:67) [grails-web-mvc-3.1.1.jar:3.1.1]
	at org.springframework.web.filter.OncePerRequestFilter.doFilter(OncePerRequestFilter.java:107) [spring-web-4.2.4.RELEASE.jar:4.2.4.RELEASE]
	at org.apache.catalina.core.ApplicationFilterChain.internalDoFilter(ApplicationFilterChain.java:239) [tomcat-embed-core-8.0.30.jar:8.0.30]
	at org.apache.catalina.core.ApplicationFilterChain.doFilter(ApplicationFilterChain.java:206) [tomcat-embed-core-8.0.30.jar:8.0.30]
	at org.springframework.web.filter.CharacterEncodingFilter.doFilterInternal(CharacterEncodingFilter.java:121) [spring-web-4.2.4.RELEASE.jar:4.2.4.RELEASE]
	at org.springframework.web.filter.OncePerRequestFilter.doFilter(OncePerRequestFilter.java:107) [spring-web-4.2.4.RELEASE.jar:4.2.4.RELEASE]
	at org.apache.catalina.core.ApplicationFilterChain.internalDoFilter(ApplicationFilterChain.java:239) [tomcat-embed-core-8.0.30.jar:8.0.30]
	at org.apache.catalina.core.ApplicationFilterChain.doFilter(ApplicationFilterChain.java:206) [tomcat-embed-core-8.0.30.jar:8.0.30]
	at org.springframework.boot.actuate.autoconfigure.MetricsFilter.doFilterInternal(MetricsFilter.java:103) [spring-boot-actuator-1.3.2.RELEASE.jar:1.3.2.RELEASE]
	at org.springframework.web.filter.OncePerRequestFilter.doFilter(OncePerRequestFilter.java:107) [spring-web-4.2.4.RELEASE.jar:4.2.4.RELEASE]
	at org.apache.catalina.core.ApplicationFilterChain.internalDoFilter(ApplicationFilterChain.java:239) [tomcat-embed-core-8.0.30.jar:8.0.30]
	at org.apache.catalina.core.ApplicationFilterChain.doFilter(ApplicationFilterChain.java:206) [tomcat-embed-core-8.0.30.jar:8.0.30]
	at org.apache.catalina.core.StandardWrapperValve.invoke(StandardWrapperValve.java:212) [tomcat-embed-core-8.0.30.jar:8.0.30]
	at org.apache.catalina.core.StandardContextValve.invoke(StandardContextValve.java:106) [tomcat-embed-core-8.0.30.jar:8.0.30]
	at org.apache.catalina.authenticator.AuthenticatorBase.invoke(AuthenticatorBase.java:502) [tomcat-embed-core-8.0.30.jar:8.0.30]
	at org.apache.catalina.core.StandardHostValve.invoke(StandardHostValve.java:141) [tomcat-embed-core-8.0.30.jar:8.0.30]
	at org.apache.catalina.valves.ErrorReportValve.invoke(ErrorReportValve.java:79) [tomcat-embed-core-8.0.30.jar:8.0.30]
	at org.apache.catalina.core.StandardEngineValve.invoke(StandardEngineValve.java:88) [tomcat-embed-core-8.0.30.jar:8.0.30]
	at org.apache.catalina.connector.CoyoteAdapter.service(CoyoteAdapter.java:521) [tomcat-embed-core-8.0.30.jar:8.0.30]
	at org.apache.coyote.http11.AbstractHttp11Processor.process(AbstractHttp11Processor.java:1096) [tomcat-embed-core-8.0.30.jar:8.0.30]
	at org.apache.coyote.AbstractProtocol$AbstractConnectionHandler.process(AbstractProtocol.java:674) [tomcat-embed-core-8.0.30.jar:8.0.30]
	at org.apache.tomcat.util.net.NioEndpoint$SocketProcessor.doRun(NioEndpoint.java:1500) [tomcat-embed-core-8.0.30.jar:8.0.30]
	at org.apache.tomcat.util.net.NioEndpoint$SocketProcessor.run(NioEndpoint.java:1456) [tomcat-embed-core-8.0.30.jar:8.0.30]
	at java.util.concurrent.ThreadPoolExecutor.runWorker(ThreadPoolExecutor.java:1142) [na:1.8.0_66]
	at java.util.concurrent.ThreadPoolExecutor$Worker.run(ThreadPoolExecutor.java:617) [na:1.8.0_66]
	at org.apache.tomcat.util.threads.TaskThread$WrappingRunnable.run(TaskThread.java:61) [tomcat-embed-core-8.0.30.jar:8.0.30]
	at java.lang.Thread.run(Thread.java:745) [na:1.8.0_66]
ERROR StackTrace - Full Stack Trace:
groovy.lang.MissingPropertyException: No such property: token for class: nbcms.TrackInputController
	at grails.artefact.gsp.TagLibraryInvoker$Trait$Helper.propertyMissing(TagLibraryInvoker.groovy:121) ~[grails-web-taglib-3.1.1.jar:3.1.1]
	at nbcms.TrackInputController$_index_closure1$_closure2$$EPeMTNcG.doCall(TrackInputController.groovy:10) ~[na:na]
	at nbcms.TrackInputController$_index_closure1$$EPeMTNcG.doCall(TrackInputController.groovy:10) ~[na:na]
	at grails.plugins.csv.CSVReaderUtils.eachLine(CSVReaderUtils.groovy:34) ~[csv-1.0.jar:na]
	at grails.plugins.csv.CSVReaderUtils.eachLine(CSVReaderUtils.groovy:55) ~[csv-1.0.jar:na]
	at grails.plugins.csv.CsvGrailsPlugin$_doWithDynamicMethods_closure12.doCall(CsvGrailsPlugin.groovy:149) ~[csv-1.0.jar:na]
	at nbcms.TrackInputController$$EPeMTNcE.index(TrackInputController.groovy:9) ~[na:na]
	at java.util.concurrent.ThreadPoolExecutor.runWorker(ThreadPoolExecutor.java:1142) ~[na:1.8.0_66]
	at java.util.concurrent.ThreadPoolExecutor$Worker.run(ThreadPoolExecutor.java:617) ~[na:1.8.0_66]
	at java.lang.Thread.run(Thread.java:745) [na:1.8.0_66]
